#
# A fatal error has been detected by the Java Runtime Environment:
#
#  EXCEPTION_ACCESS_VIOLATION (0xc0000005) at pc=0x000000005d03f943, pid=6000, tid=0x0000000000002700
#
# JRE version: Java(TM) SE Runtime Environment (8.0_212-b10) (build 1.8.0_212-b10)
# Java VM: Java HotSpot(TM) 64-Bit Server VM (25.212-b10 mixed mode windows-amd64 compressed oops)
# Problematic frame:
# V  [jvm.dll+0x13f943]
#
# Failed to write core dump. Minidumps are not enabled by default on client versions of Windows
#
# If you would like to submit a bug report, please visit:
#   http://bugreport.java.com/bugreport/crash.jsp
#

---------------  T H R E A D  ---------------

Current thread (0x00000000180b5000):  JavaThread "restartedMain" [_thread_in_vm, id=9984, stack(0x0000000018bd0000,0x0000000018cd0000)]

siginfo: ExceptionCode=0xc0000005, reading address 0x00000002e8a310e8

Registers:
RAX=0x0000000000000000, RBX=0x00000000180b5000, RCX=0x0000000000000003, RDX=0x00000002e8a31080
RSP=0x0000000018ccc980, RBP=0x0000000018cccad0, RSI=0x00000000180b51f8, RDI=0x00000000180b5000
R8 =0xffff8006abc12ef0, R9 =0x00007ff9543ed13f, R10=0x000000000000002f, R11=0x000000000000002f
R12=0x0000000018cccd10, R13=0x0000000000000000, R14=0x0000000018cccd08, R15=0x0000000000000000
RIP=0x000000005d03f943, EFLAGS=0x0000000000010202

Top of Stack: (sp=0x0000000018ccc980)
0x0000000018ccc980:   00007ff9543ed110 00000000180b5000
0x0000000018ccc990:   0000000018cccad0 0000000000000000
0x0000000018ccc9a0:   00000000180b5000 0000000000000000
0x0000000018ccc9b0:   0000000000000000 0000000000000000
0x0000000018ccc9c0:   0000000017f14a70 00007ff9543c6777
0x0000000018ccc9d0:   00000000180b51f8 0000000018cccad0
0x0000000018ccc9e0:   00000000180b5000 0000000003481797
0x0000000018ccc9f0:   0000000003481aa0 0000000000000000
0x0000000018ccca00:   0000000000000000 0000000000000000
0x0000000018ccca10:   00000000034816a0 0000000015010000
0x0000000018ccca20:   0000000018ccc980 0000000000000000
0x0000000018ccca30:   0000000000000000 0000000000000000
0x0000000018ccca40:   0000000000000000 0000000000000000
0x0000000018ccca50:   0000000000000000 0000000000000000
0x0000000018ccca60:   0000000018ccccd8 0000000000000000
0x0000000018ccca70:   0000000018ccccf0 0000000018cccce8 

Instructions: (pc=0x000000005d03f943)
0x000000005d03f923:   00 00 48 8b 17 74 15 8b 52 08 8b 0d 35 9f 66 00
0x000000005d03f933:   48 d3 e2 48 03 15 23 9f 66 00 eb 04 48 8b 52 08
0x000000005d03f943:   48 8b 52 68 48 8b ce e8 b1 81 0d 00 48 83 7c 24
0x000000005d03f953:   28 00 48 8b f0 74 0a 48 8d 4c 24 20 e8 6c f4 13 


Register to memory mapping:

RAX=0x0000000000000000 is an unknown value
RBX=0x00000000180b5000 is a thread
RCX=0x0000000000000003 is an unknown value
RDX=0x00000002e8a31080 is an unknown value
RSP=0x0000000018ccc980 is pointing into the stack for thread: 0x00000000180b5000
RBP=0x0000000018cccad0 is pointing into the stack for thread: 0x00000000180b5000
RSI=0x00000000180b51f8 is an unknown value
RDI=0x00000000180b5000 is a thread
R8 =0xffff8006abc12ef0 is an unknown value
R9 =0x00007ff9543ed13f is an unknown value
R10=0x000000000000002f is an unknown value
R11=0x000000000000002f is an unknown value
R12=0x0000000018cccd10 is pointing into the stack for thread: 0x00000000180b5000
R13=0x0000000000000000 is an unknown value
R14=0x0000000018cccd08 is pointing into the stack for thread: 0x00000000180b5000
R15=0x0000000000000000 is an unknown value


Stack: [0x0000000018bd0000,0x0000000018cd0000],  sp=0x0000000018ccc980,  free space=1010k
Native frames: (J=compiled Java code, j=interpreted, Vv=VM code, C=native code)
V  [jvm.dll+0x13f943]
C  [sqljdbc_auth.dll+0x6777]
C  0x0000000003438c67

Java frames: (J=compiled Java code, j=interpreted, Vv=VM code)
j  com.microsoft.sqlserver.jdbc.AuthenticationJNI.SNISecGenClientContext([B[I[BI[B[I[ZLjava/lang/String;Ljava/lang/String;Ljava/lang/String;Ljava/util/logging/Logger;)I+0
j  com.microsoft.sqlserver.jdbc.AuthenticationJNI.GenerateClientContext([BI[B[I[Z)I+24
j  com.microsoft.sqlserver.jdbc.SQLServerConnection.SSPIData([B[B[I[ZLcom/microsoft/sqlserver/jdbc/AuthenticationJNI;)V+13
j  com.microsoft.sqlserver.jdbc.SQLServerConnection.sendLogon(Lcom/microsoft/sqlserver/jdbc/SQLServerConnection$LogonCommand;Lcom/microsoft/sqlserver/jdbc/AuthenticationJNI;)V+151
j  com.microsoft.sqlserver.jdbc.SQLServerConnection.logon(Lcom/microsoft/sqlserver/jdbc/SQLServerConnection$LogonCommand;)V+20
j  com.microsoft.sqlserver.jdbc.SQLServerConnection.access$000(Lcom/microsoft/sqlserver/jdbc/SQLServerConnection;Lcom/microsoft/sqlserver/jdbc/SQLServerConnection$LogonCommand;)V+2
j  com.microsoft.sqlserver.jdbc.SQLServerConnection$LogonCommand.doExecute()Z+5
j  com.microsoft.sqlserver.jdbc.TDSCommand.execute(Lcom/microsoft/sqlserver/jdbc/TDSWriter;Lcom/microsoft/sqlserver/jdbc/TDSReader;)Z+30
j  com.microsoft.sqlserver.jdbc.SQLServerConnection.executeCommand(Lcom/microsoft/sqlserver/jdbc/TDSCommand;)Z+45
j  com.microsoft.sqlserver.jdbc.SQLServerConnection.connectHelper(Lcom/microsoft/sqlserver/jdbc/ServerPortPlaceHolder;II)V+284
j  com.microsoft.sqlserver.jdbc.SQLServerConnection.login(Ljava/lang/String;Ljava/lang/String;ILjava/lang/String;Lcom/microsoft/sqlserver/jdbc/FailoverInfo;IJ)V+399
j  com.microsoft.sqlserver.jdbc.SQLServerConnection.connect(Ljava/util/Properties;Lcom/microsoft/sqlserver/jdbc/SQLServerPooledConnection;)Ljava/sql/Connection;+1736
j  com.microsoft.sqlserver.jdbc.SQLServerDriver.connect(Ljava/lang/String;Ljava/util/Properties;)Ljava/sql/Connection;+45
j  com.zaxxer.hikari.util.DriverDataSource.getConnection()Ljava/sql/Connection;+12
j  com.zaxxer.hikari.pool.PoolBase.newConnection()Ljava/sql/Connection;+33
j  com.zaxxer.hikari.pool.PoolBase.newPoolEntry()Lcom/zaxxer/hikari/pool/PoolEntry;+5
j  com.zaxxer.hikari.pool.HikariPool.createPoolEntry()Lcom/zaxxer/hikari/pool/PoolEntry;+1
j  com.zaxxer.hikari.pool.HikariPool.checkFailFast()V+20
j  com.zaxxer.hikari.pool.HikariPool.<init>(Lcom/zaxxer/hikari/HikariConfig;)V+128
j  com.zaxxer.hikari.HikariDataSource.getConnection()Ljava/sql/Connection;+100
j  org.hibernate.engine.jdbc.connections.internal.DatasourceConnectionProviderImpl.getConnection()Ljava/sql/Connection;+48
j  org.hibernate.engine.jdbc.env.internal.JdbcEnvironmentInitiator$ConnectionProviderJdbcConnectionAccess.obtainConnection()Ljava/sql/Connection;+4
j  org.hibernate.engine.jdbc.env.internal.JdbcEnvironmentInitiator.initiateService(Ljava/util/Map;Lorg/hibernate/service/spi/ServiceRegistryImplementor;)Lorg/hibernate/engine/jdbc/env/spi/JdbcEnvironment;+36
j  org.hibernate.engine.jdbc.env.internal.JdbcEnvironmentInitiator.initiateService(Ljava/util/Map;Lorg/hibernate/service/spi/ServiceRegistryImplementor;)Lorg/hibernate/service/Service;+3
j  org.hibernate.boot.registry.internal.StandardServiceRegistryImpl.initiateService(Lorg/hibernate/service/spi/ServiceInitiator;)Lorg/hibernate/service/Service;+9
j  org.hibernate.service.internal.AbstractServiceRegistryImpl.createService(Lorg/hibernate/service/spi/ServiceBinding;)Lorg/hibernate/service/Service;+26
j  org.hibernate.service.internal.AbstractServiceRegistryImpl.initializeService(Lorg/hibernate/service/spi/ServiceBinding;)Lorg/hibernate/service/Service;+30
j  org.hibernate.service.internal.AbstractServiceRegistryImpl.getService(Ljava/lang/Class;)Lorg/hibernate/service/Service;+88
j  org.hibernate.id.factory.internal.DefaultIdentifierGeneratorFactory.injectServices(Lorg/hibernate/service/spi/ServiceRegistryImplementor;)V+9
j  org.hibernate.service.internal.AbstractServiceRegistryImpl.injectDependencies(Lorg/hibernate/service/spi/ServiceBinding;)V+24
j  org.hibernate.service.internal.AbstractServiceRegistryImpl.initializeService(Lorg/hibernate/service/spi/ServiceBinding;)Lorg/hibernate/service/Service;+45
j  org.hibernate.service.internal.AbstractServiceRegistryImpl.getService(Ljava/lang/Class;)Lorg/hibernate/service/Service;+88
j  org.hibernate.boot.internal.InFlightMetadataCollectorImpl.<init>(Lorg/hibernate/boot/spi/BootstrapContext;Lorg/hibernate/boot/spi/MetadataBuildingOptions;)V+277
j  org.hibernate.boot.model.process.spi.MetadataBuildingProcess.complete(Lorg/hibernate/boot/model/process/spi/ManagedResources;Lorg/hibernate/boot/spi/BootstrapContext;Lorg/hibernate/boot/spi/MetadataBuildingOptions;)Lorg/hibernate/boot/spi/MetadataImplementor;+6
j  org.hibernate.jpa.boot.internal.EntityManagerFactoryBuilderImpl.metadata()Lorg/hibernate/boot/spi/MetadataImplementor;+30
j  org.hibernate.jpa.boot.internal.EntityManagerFactoryBuilderImpl.build()Ljavax/persistence/EntityManagerFactory;+1
j  org.springframework.orm.jpa.vendor.SpringHibernateJpaPersistenceProvider.createContainerEntityManagerFactory(Ljavax/persistence/spi/PersistenceUnitInfo;Ljava/util/Map;)Ljavax/persistence/EntityManagerFactory;+55
j  org.springframework.orm.jpa.LocalContainerEntityManagerFactoryBean.createNativeEntityManagerFactory()Ljavax/persistence/EntityManagerFactory;+129
j  org.springframework.orm.jpa.AbstractEntityManagerFactoryBean.buildNativeEntityManagerFactory()Ljavax/persistence/EntityManagerFactory;+1
j  org.springframework.orm.jpa.AbstractEntityManagerFactoryBean.afterPropertiesSet()V+192
j  org.springframework.orm.jpa.LocalContainerEntityManagerFactoryBean.afterPropertiesSet()V+77
j  org.springframework.beans.factory.support.AbstractAutowireCapableBeanFactory.invokeInitMethods(Ljava/lang/String;Ljava/lang/Object;Lorg/springframework/beans/factory/support/RootBeanDefinition;)V+106
j  org.springframework.beans.factory.support.AbstractAutowireCapableBeanFactory.initializeBean(Ljava/lang/String;Ljava/lang/Object;Lorg/springframework/beans/factory/support/RootBeanDefinition;)Ljava/lang/Object;+59
j  org.springframework.beans.factory.support.AbstractAutowireCapableBeanFactory.doCreateBean(Ljava/lang/String;Lorg/springframework/beans/factory/support/RootBeanDefinition;[Ljava/lang/Object;)Ljava/lang/Object;+245
j  org.springframework.beans.factory.support.AbstractAutowireCapableBeanFactory.createBean(Ljava/lang/String;Lorg/springframework/beans/factory/support/RootBeanDefinition;[Ljava/lang/Object;)Ljava/lang/Object;+169
j  org.springframework.beans.factory.support.AbstractBeanFactory.lambda$doGetBean$0(Ljava/lang/String;Lorg/springframework/beans/factory/support/RootBeanDefinition;[Ljava/lang/Object;)Ljava/lang/Object;+4
j  org.springframework.beans.factory.support.AbstractBeanFactory$$Lambda$156.getObject()Ljava/lang/Object;+16
j  org.springframework.beans.factory.support.DefaultSingletonBeanRegistry.getSingleton(Ljava/lang/String;Lorg/springframework/beans/factory/ObjectFactory;)Ljava/lang/Object;+132
J 2335 C1 org.springframework.beans.factory.support.AbstractBeanFactory.doGetBean(Ljava/lang/String;Ljava/lang/Class;[Ljava/lang/Object;Z)Ljava/lang/Object; (833 bytes) @ 0x00000000038bb75c [0x00000000038bb240+0x51c]
j  org.springframework.beans.factory.support.AbstractBeanFactory.getBean(Ljava/lang/String;)Ljava/lang/Object;+5
j  org.springframework.context.support.AbstractApplicationContext.getBean(Ljava/lang/String;)Ljava/lang/Object;+9
j  org.springframework.context.support.AbstractApplicationContext.finishBeanFactoryInitialization(Lorg/springframework/beans/factory/config/ConfigurableListableBeanFactory;)V+100
j  org.springframework.context.support.AbstractApplicationContext.refresh()V+54
j  org.springframework.boot.web.servlet.context.ServletWebServerApplicationContext.refresh()V+1
j  org.springframework.boot.SpringApplication.refresh(Lorg/springframework/context/ApplicationContext;)V+10
j  org.springframework.boot.SpringApplication.refreshContext(Lorg/springframework/context/ConfigurableApplicationContext;)V+2
j  org.springframework.boot.SpringApplication.run([Ljava/lang/String;)Lorg/springframework/context/ConfigurableApplicationContext;+118
j  org.springframework.boot.SpringApplication.run([Ljava/lang/Class;[Ljava/lang/String;)Lorg/springframework/context/ConfigurableApplicationContext;+9
j  org.springframework.boot.SpringApplication.run(Ljava/lang/Class;[Ljava/lang/String;)Lorg/springframework/context/ConfigurableApplicationContext;+9
j  com.abhisek.gateway.DemoGatewayBluepayApplication.main([Ljava/lang/String;)V+3
v  ~StubRoutines::call_stub
j  sun.reflect.NativeMethodAccessorImpl.invoke0(Ljava/lang/reflect/Method;Ljava/lang/Object;[Ljava/lang/Object;)Ljava/lang/Object;+0
j  sun.reflect.NativeMethodAccessorImpl.invoke(Ljava/lang/Object;[Ljava/lang/Object;)Ljava/lang/Object;+100
j  sun.reflect.DelegatingMethodAccessorImpl.invoke(Ljava/lang/Object;[Ljava/lang/Object;)Ljava/lang/Object;+6
j  java.lang.reflect.Method.invoke(Ljava/lang/Object;[Ljava/lang/Object;)Ljava/lang/Object;+56
j  org.springframework.boot.devtools.restart.RestartLauncher.run()V+41
v  ~StubRoutines::call_stub

---------------  P R O C E S S  ---------------

Java Threads: ( => current thread )
  0x0000000019e79800 JavaThread "container-0" [_thread_blocked, id=12124, stack(0x000000001b2a0000,0x000000001b3a0000)]
  0x0000000019e78800 JavaThread "Catalina-utility-2" [_thread_blocked, id=10868, stack(0x000000001afa0000,0x000000001b0a0000)]
  0x0000000019e36000 JavaThread "Catalina-utility-1" [_thread_blocked, id=2016, stack(0x0000000018cd0000,0x0000000018dd0000)]
=>0x00000000180b5000 JavaThread "restartedMain" [_thread_in_vm, id=9984, stack(0x0000000018bd0000,0x0000000018cd0000)]
  0x00000000180b4000 JavaThread "Thread-1" [_thread_blocked, id=2056, stack(0x0000000018ad0000,0x0000000018bd0000)]
  0x0000000017e68800 JavaThread "RMI TCP Accept-0" daemon [_thread_in_native, id=9224, stack(0x0000000018590000,0x0000000018690000)]
  0x0000000017e63800 JavaThread "RMI TCP Accept-56226" daemon [_thread_in_native, id=10044, stack(0x0000000018490000,0x0000000018590000)]
  0x0000000017e59800 JavaThread "RMI TCP Accept-0" daemon [_thread_in_native, id=11164, stack(0x0000000018390000,0x0000000018490000)]
  0x0000000017388800 JavaThread "Service Thread" daemon [_thread_blocked, id=5840, stack(0x0000000017750000,0x0000000017850000)]
  0x0000000015a1c000 JavaThread "C1 CompilerThread2" daemon [_thread_blocked, id=2984, stack(0x0000000017250000,0x0000000017350000)]
  0x0000000015a19800 JavaThread "C2 CompilerThread1" daemon [_thread_blocked, id=12176, stack(0x0000000017150000,0x0000000017250000)]
  0x0000000015a10000 JavaThread "C2 CompilerThread0" daemon [_thread_blocked, id=11064, stack(0x0000000017050000,0x0000000017150000)]
  0x0000000015a0d000 JavaThread "Attach Listener" daemon [_thread_blocked, id=4728, stack(0x0000000016f50000,0x0000000017050000)]
  0x0000000015a0c000 JavaThread "Signal Dispatcher" daemon [_thread_blocked, id=1972, stack(0x0000000016e50000,0x0000000016f50000)]
  0x00000000159eb000 JavaThread "Finalizer" daemon [_thread_blocked, id=1340, stack(0x0000000016c50000,0x0000000016d50000)]
  0x00000000159ea000 JavaThread "Reference Handler" daemon [_thread_blocked, id=10272, stack(0x0000000016b50000,0x0000000016c50000)]
  0x0000000003326800 JavaThread "main" [_thread_blocked, id=11480, stack(0x0000000003220000,0x0000000003320000)]

Other Threads:
  0x00000000159c6800 VMThread [stack: 0x0000000016a50000,0x0000000016b50000] [id=8856]
  0x0000000017e74000 WatcherThread [stack: 0x0000000018690000,0x0000000018790000] [id=1956]

VM state:not at safepoint (normal execution)

VM Mutex/Monitor currently owned by a thread: None

heap address: 0x00000000c1a00000, size: 998 MB, Compressed Oops mode: 32-bit
Narrow klass base: 0x0000000000000000, Narrow klass shift: 3
Compressed class space size: 1073741824 Address: 0x0000000100000000

Heap:
 PSYoungGen      total 169472K, used 48764K [0x00000000eb380000, 0x00000000f7580000, 0x0000000100000000)
  eden space 158208K, 30% used [0x00000000eb380000,0x00000000ee31f1d0,0x00000000f4e00000)
  from space 11264K, 0% used [0x00000000f5a80000,0x00000000f5a80000,0x00000000f6580000)
  to   space 12800K, 0% used [0x00000000f4e00000,0x00000000f4e00000,0x00000000f5a80000)
 ParOldGen       total 49664K, used 16315K [0x00000000c1a00000, 0x00000000c4a80000, 0x00000000eb380000)
  object space 49664K, 32% used [0x00000000c1a00000,0x00000000c29eed08,0x00000000c4a80000)
 Metaspace       used 37450K, capacity 39610K, committed 39808K, reserved 1083392K
  class space    used 5229K, capacity 5654K, committed 5760K, reserved 1048576K

Card table byte_map: [0x00000000127e0000,0x00000000129e0000] byte_map_base: 0x00000000121d3000

Marking Bits: (ParMarkBitMap*) 0x000000005d725ce0
 Begin Bits: [0x0000000012f30000, 0x0000000013ec8000)
 End Bits:   [0x0000000013ec8000, 0x0000000014e60000)

Polling page: 0x0000000001560000

CodeCache: size=245760Kb used=6780Kb max_used=6780Kb free=238979Kb
 bounds [0x0000000003420000, 0x0000000003ac0000, 0x0000000012420000]
 total_blobs=3887 nmethods=3426 adapters=372
 compilation: enabled

Compilation events (10 events):
Event: 5.267 Thread 0x0000000015a1c000 3422       1       sun.security.util.ManifestEntryVerifier$SunProviderHolder::access$000 (4 bytes)
Event: 5.268 Thread 0x0000000015a1c000 nmethod 3422 0x0000000003abc8d0 code [0x0000000003abca20, 0x0000000003abcb10]
Event: 5.268 Thread 0x0000000015a1c000 3423       1       java.security.MessageDigest::getInstance (77 bytes)
Event: 5.268 Thread 0x0000000015a1c000 nmethod 3423 0x0000000003abcb50 code [0x0000000003abcd00, 0x0000000003abd2b8]
Event: 5.276 Thread 0x0000000015a1c000 3424       1       com.sun.crypto.provider.AESCrypt::mul4 (181 bytes)
Event: 5.277 Thread 0x0000000015a1c000 nmethod 3424 0x0000000003abd690 code [0x0000000003abd880, 0x0000000003abe130]
Event: 5.282 Thread 0x0000000015a1c000 3425       1       java.nio.charset.CharsetEncoder::onUnmappableCharacter (26 bytes)
Event: 5.282 Thread 0x0000000015a1c000 nmethod 3425 0x0000000003abe990 code [0x0000000003abeb00, 0x0000000003abece8]
Event: 5.282 Thread 0x0000000015a1c000 3426       1       java.nio.charset.CharsetEncoder::implOnUnmappableCharacter (1 bytes)
Event: 5.282 Thread 0x0000000015a1c000 nmethod 3426 0x0000000003abed90 code [0x0000000003abeee0, 0x0000000003abeff0]

GC Heap History (10 events):
Event: 2.071 GC heap before
{Heap before GC invocations=8 (full 1):
 PSYoungGen      total 71680K, used 5685K [0x00000000eb380000, 0x00000000f3f80000, 0x0000000100000000)
  eden space 64000K, 0% used [0x00000000eb380000,0x00000000eb380000,0x00000000ef200000)
  from space 7680K, 74% used [0x00000000ef200000,0x00000000ef78d558,0x00000000ef980000)
  to   space 7680K, 0% used [0x00000000f3800000,0x00000000f3800000,0x00000000f3f80000)
 ParOldGen       total 44032K, used 8118K [0x00000000c1a00000, 0x00000000c4500000, 0x00000000eb380000)
  object space 44032K, 18% used [0x00000000c1a00000,0x00000000c21edaa0,0x00000000c4500000)
 Metaspace       used 20443K, capacity 21180K, committed 21296K, reserved 1067008K
  class space    used 2754K, capacity 2934K, committed 2944K, reserved 1048576K
Event: 2.114 GC heap after
Heap after GC invocations=8 (full 1):
 PSYoungGen      total 71680K, used 0K [0x00000000eb380000, 0x00000000f3f80000, 0x0000000100000000)
  eden space 64000K, 0% used [0x00000000eb380000,0x00000000eb380000,0x00000000ef200000)
  from space 7680K, 0% used [0x00000000ef200000,0x00000000ef200000,0x00000000ef980000)
  to   space 7680K, 0% used [0x00000000f3800000,0x00000000f3800000,0x00000000f3f80000)
 ParOldGen       total 33280K, used 10415K [0x00000000c1a00000, 0x00000000c3a80000, 0x00000000eb380000)
  object space 33280K, 31% used [0x00000000c1a00000,0x00000000c242bfa8,0x00000000c3a80000)
 Metaspace       used 20439K, capacity 21168K, committed 21296K, reserved 1067008K
  class space    used 2753K, capacity 2932K, committed 2944K, reserved 1048576K
}
Event: 2.357 GC heap before
{Heap before GC invocations=9 (full 1):
 PSYoungGen      total 71680K, used 64000K [0x00000000eb380000, 0x00000000f3f80000, 0x0000000100000000)
  eden space 64000K, 100% used [0x00000000eb380000,0x00000000ef200000,0x00000000ef200000)
  from space 7680K, 0% used [0x00000000ef200000,0x00000000ef200000,0x00000000ef980000)
  to   space 7680K, 0% used [0x00000000f3800000,0x00000000f3800000,0x00000000f3f80000)
 ParOldGen       total 33280K, used 10425K [0x00000000c1a00000, 0x00000000c3a80000, 0x00000000eb380000)
  object space 33280K, 31% used [0x00000000c1a00000,0x00000000c242e7a8,0x00000000c3a80000)
 Metaspace       used 21498K, capacity 22326K, committed 22656K, reserved 1069056K
  class space    used 2901K, capacity 3095K, committed 3200K, reserved 1048576K
Event: 2.360 GC heap after
Heap after GC invocations=9 (full 1):
 PSYoungGen      total 115200K, used 2587K [0x00000000eb380000, 0x00000000f3b00000, 0x0000000100000000)
  eden space 112128K, 0% used [0x00000000eb380000,0x00000000eb380000,0x00000000f2100000)
  from space 3072K, 84% used [0x00000000f3800000,0x00000000f3a86c40,0x00000000f3b00000)
  to   space 7680K, 0% used [0x00000000f2c00000,0x00000000f2c00000,0x00000000f3380000)
 ParOldGen       total 33280K, used 10433K [0x00000000c1a00000, 0x00000000c3a80000, 0x00000000eb380000)
  object space 33280K, 31% used [0x00000000c1a00000,0x00000000c24307a8,0x00000000c3a80000)
 Metaspace       used 21498K, capacity 22326K, committed 22656K, reserved 1069056K
  class space    used 2901K, capacity 3095K, committed 3200K, reserved 1048576K
}
Event: 3.626 GC heap before
{Heap before GC invocations=10 (full 1):
 PSYoungGen      total 115200K, used 114715K [0x00000000eb380000, 0x00000000f3b00000, 0x0000000100000000)
  eden space 112128K, 100% used [0x00000000eb380000,0x00000000f2100000,0x00000000f2100000)
  from space 3072K, 84% used [0x00000000f3800000,0x00000000f3a86c40,0x00000000f3b00000)
  to   space 7680K, 0% used [0x00000000f2c00000,0x00000000f2c00000,0x00000000f3380000)
 ParOldGen       total 33280K, used 10433K [0x00000000c1a00000, 0x00000000c3a80000, 0x00000000eb380000)
  object space 33280K, 31% used [0x00000000c1a00000,0x00000000c24307a8,0x00000000c3a80000)
 Metaspace       used 29280K, capacity 31090K, committed 31360K, reserved 1077248K
  class space    used 4024K, capacity 4372K, committed 4480K, reserved 1048576K
Event: 3.641 GC heap after
Heap after GC invocations=10 (full 1):
 PSYoungGen      total 131072K, used 7675K [0x00000000eb380000, 0x00000000f6580000, 0x0000000100000000)
  eden space 123392K, 0% used [0x00000000eb380000,0x00000000eb380000,0x00000000f2c00000)
  from space 7680K, 99% used [0x00000000f2c00000,0x00000000f337ef70,0x00000000f3380000)
  to   space 11264K, 0% used [0x00000000f5a80000,0x00000000f5a80000,0x00000000f6580000)
 ParOldGen       total 33280K, used 16455K [0x00000000c1a00000, 0x00000000c3a80000, 0x00000000eb380000)
  object space 33280K, 49% used [0x00000000c1a00000,0x00000000c2a11f28,0x00000000c3a80000)
 Metaspace       used 29280K, capacity 31090K, committed 31360K, reserved 1077248K
  class space    used 4024K, capacity 4372K, committed 4480K, reserved 1048576K
}
Event: 4.350 GC heap before
{Heap before GC invocations=11 (full 1):
 PSYoungGen      total 131072K, used 131067K [0x00000000eb380000, 0x00000000f6580000, 0x0000000100000000)
  eden space 123392K, 100% used [0x00000000eb380000,0x00000000f2c00000,0x00000000f2c00000)
  from space 7680K, 99% used [0x00000000f2c00000,0x00000000f337ef70,0x00000000f3380000)
  to   space 11264K, 0% used [0x00000000f5a80000,0x00000000f5a80000,0x00000000f6580000)
 ParOldGen       total 33280K, used 16455K [0x00000000c1a00000, 0x00000000c3a80000, 0x00000000eb380000)
  object space 33280K, 49% used [0x00000000c1a00000,0x00000000c2a11f28,0x00000000c3a80000)
 Metaspace       used 33357K, capacity 35360K, committed 35456K, reserved 1079296K
  class space    used 4560K, capacity 4969K, committed 4992K, reserved 1048576K
Event: 4.365 GC heap after
Heap after GC invocations=11 (full 1):
 PSYoungGen      total 169472K, used 10826K [0x00000000eb380000, 0x00000000f7580000, 0x0000000100000000)
  eden space 158208K, 0% used [0x00000000eb380000,0x00000000eb380000,0x00000000f4e00000)
  from space 11264K, 96% used [0x00000000f5a80000,0x00000000f6512ad8,0x00000000f6580000)
  to   space 12800K, 0% used [0x00000000f4e00000,0x00000000f4e00000,0x00000000f5a80000)
 ParOldGen       total 33280K, used 17511K [0x00000000c1a00000, 0x00000000c3a80000, 0x00000000eb380000)
  object space 33280K, 52% used [0x00000000c1a00000,0x00000000c2b19ed0,0x00000000c3a80000)
 Metaspace       used 33357K, capacity 35360K, committed 35456K, reserved 1079296K
  class space    used 4560K, capacity 4969K, committed 4992K, reserved 1048576K
}
Event: 4.365 GC heap before
{Heap before GC invocations=12 (full 2):
 PSYoungGen      total 169472K, used 10826K [0x00000000eb380000, 0x00000000f7580000, 0x0000000100000000)
  eden space 158208K, 0% used [0x00000000eb380000,0x00000000eb380000,0x00000000f4e00000)
  from space 11264K, 96% used [0x00000000f5a80000,0x00000000f6512ad8,0x00000000f6580000)
  to   space 12800K, 0% used [0x00000000f4e00000,0x00000000f4e00000,0x00000000f5a80000)
 ParOldGen       total 33280K, used 17511K [0x00000000c1a00000, 0x00000000c3a80000, 0x00000000eb380000)
  object space 33280K, 52% used [0x00000000c1a00000,0x00000000c2b19ed0,0x00000000c3a80000)
 Metaspace       used 33357K, capacity 35360K, committed 35456K, reserved 1079296K
  class space    used 4560K, capacity 4969K, committed 4992K, reserved 1048576K
Event: 4.467 GC heap after
Heap after GC invocations=12 (full 2):
 PSYoungGen      total 169472K, used 0K [0x00000000eb380000, 0x00000000f7580000, 0x0000000100000000)
  eden space 158208K, 0% used [0x00000000eb380000,0x00000000eb380000,0x00000000f4e00000)
  from space 11264K, 0% used [0x00000000f5a80000,0x00000000f5a80000,0x00000000f6580000)
  to   space 12800K, 0% used [0x00000000f4e00000,0x00000000f4e00000,0x00000000f5a80000)
 ParOldGen       total 49664K, used 16315K [0x00000000c1a00000, 0x00000000c4a80000, 0x00000000eb380000)
  object space 49664K, 32% used [0x00000000c1a00000,0x00000000c29eed08,0x00000000c4a80000)
 Metaspace       used 33357K, capacity 35360K, committed 35456K, reserved 1079296K
  class space    used 4560K, capacity 4969K, committed 4992K, reserved 1048576K
}

Deoptimization events (0 events):
No events

Classes redefined (0 events):
No events

Internal exceptions (10 events):
Event: 4.129 Thread 0x00000000180b5000 Exception <a 'java/lang/ArrayIndexOutOfBoundsException'> (0x00000000f14e0838) thrown at [C:\re\workspace\8-2-build-windows-amd64-cygwin\jdk8u212\12974\hotspot\src\share\vm\runtime\sharedRuntime.cpp, line 605]
Event: 4.129 Thread 0x00000000180b5000 Exception <a 'java/lang/ArrayIndexOutOfBoundsException'> (0x00000000f14e27a8) thrown at [C:\re\workspace\8-2-build-windows-amd64-cygwin\jdk8u212\12974\hotspot\src\share\vm\runtime\sharedRuntime.cpp, line 605]
Event: 4.157 Thread 0x00000000180b5000 Exception <a 'java/io/FileNotFoundException'> (0x00000000f1726bb8) thrown at [C:\re\workspace\8-2-build-windows-amd64-cygwin\jdk8u212\12974\hotspot\src\share\vm\prims\jni.cpp, line 710]
Event: 4.170 Thread 0x00000000180b5000 Exception <a 'java/lang/ArrayIndexOutOfBoundsException'> (0x00000000f18120b0) thrown at [C:\re\workspace\8-2-build-windows-amd64-cygwin\jdk8u212\12974\hotspot\src\share\vm\runtime\sharedRuntime.cpp, line 605]
Event: 4.172 Thread 0x00000000180b5000 Exception <a 'java/lang/ArrayIndexOutOfBoundsException'> (0x00000000f1829af8) thrown at [C:\re\workspace\8-2-build-windows-amd64-cygwin\jdk8u212\12974\hotspot\src\share\vm\runtime\sharedRuntime.cpp, line 605]
Event: 4.174 Thread 0x00000000180b5000 Exception <a 'java/lang/ArrayIndexOutOfBoundsException'> (0x00000000f183dce0) thrown at [C:\re\workspace\8-2-build-windows-amd64-cygwin\jdk8u212\12974\hotspot\src\share\vm\runtime\sharedRuntime.cpp, line 605]
Event: 4.179 Thread 0x00000000180b5000 Exception <a 'java/lang/ArrayIndexOutOfBoundsException'> (0x00000000f19a6690) thrown at [C:\re\workspace\8-2-build-windows-amd64-cygwin\jdk8u212\12974\hotspot\src\share\vm\runtime\sharedRuntime.cpp, line 605]
Event: 4.179 Thread 0x00000000180b5000 Exception <a 'java/lang/ArrayIndexOutOfBoundsException'> (0x00000000f19a8058) thrown at [C:\re\workspace\8-2-build-windows-amd64-cygwin\jdk8u212\12974\hotspot\src\share\vm\runtime\sharedRuntime.cpp, line 605]
Event: 4.468 Thread 0x0000000017388800 Exception <a 'java/lang/ArrayIndexOutOfBoundsException'> (0x00000000eb3817c0) thrown at [C:\re\workspace\8-2-build-windows-amd64-cygwin\jdk8u212\12974\hotspot\src\share\vm\runtime\sharedRuntime.cpp, line 605]
Event: 4.470 Thread 0x0000000017388800 Exception <a 'java/lang/ArrayIndexOutOfBoundsException'> (0x00000000eb383ce0) thrown at [C:\re\workspace\8-2-build-windows-amd64-cygwin\jdk8u212\12974\hotspot\src\share\vm\runtime\sharedRuntime.cpp, line 605]

Events (10 events):
Event: 5.283 loading class javax/crypto/NullCipher
Event: 5.283 loading class javax/crypto/NullCipher done
Event: 5.286 loading class com/microsoft/sqlserver/jdbc/SQLServerConnection$LogonCommand
Event: 5.286 loading class com/microsoft/sqlserver/jdbc/SQLServerConnection$LogonCommand done
Event: 5.286 loading class com/microsoft/sqlserver/jdbc/UninterruptableTDSCommand
Event: 5.286 loading class com/microsoft/sqlserver/jdbc/UninterruptableTDSCommand done
Event: 5.286 loading class com/microsoft/sqlserver/jdbc/TDSCommand
Event: 5.286 loading class com/microsoft/sqlserver/jdbc/TDSCommand done
Event: 5.287 loading class com/microsoft/sqlserver/jdbc/AuthenticationJNI
Event: 5.287 loading class com/microsoft/sqlserver/jdbc/AuthenticationJNI done


Dynamic libraries:
0x00007ff66a180000 - 0x00007ff66a1b7000 	C:\Program Files\Java\jdk1.8.0_212\bin\javaw.exe
0x00007ff977d00000 - 0x00007ff977ef0000 	C:\Windows\SYSTEM32\ntdll.dll
0x00007ff9761f0000 - 0x00007ff9762a2000 	C:\Windows\System32\KERNEL32.DLL
0x00007ff975640000 - 0x00007ff9758e4000 	C:\Windows\System32\KERNELBASE.dll
0x00007ff977710000 - 0x00007ff9777b3000 	C:\Windows\System32\ADVAPI32.dll
0x00007ff977820000 - 0x00007ff9778be000 	C:\Windows\System32\msvcrt.dll
0x00007ff9762b0000 - 0x00007ff976347000 	C:\Windows\System32\sechost.dll
0x00007ff977ba0000 - 0x00007ff977cc0000 	C:\Windows\System32\RPCRT4.dll
0x00007ff9778c0000 - 0x00007ff977a54000 	C:\Windows\System32\USER32.dll
0x00007ff975610000 - 0x00007ff975631000 	C:\Windows\System32\win32u.dll
0x00007ff9776e0000 - 0x00007ff977706000 	C:\Windows\System32\GDI32.dll
0x00007ff975bf0000 - 0x00007ff975d84000 	C:\Windows\System32\gdi32full.dll
0x00007ff9758f0000 - 0x00007ff97598e000 	C:\Windows\System32\msvcp_win.dll
0x00007ff975990000 - 0x00007ff975a8a000 	C:\Windows\System32\ucrtbase.dll
0x00007ff967530000 - 0x00007ff9677b4000 	C:\Windows\WinSxS\amd64_microsoft.windows.common-controls_6595b64144ccf1df_6.0.18362.836_none_e6c4b943130f18ed\COMCTL32.dll
0x00007ff975eb0000 - 0x00007ff9761e6000 	C:\Windows\System32\combase.dll
0x00007ff974e10000 - 0x00007ff974e90000 	C:\Windows\System32\bcryptPrimitives.dll
0x00007ff977630000 - 0x00007ff97765e000 	C:\Windows\System32\IMM32.DLL
0x000000005e4a0000 - 0x000000005e572000 	C:\Program Files\Java\jdk1.8.0_212\jre\bin\msvcr100.dll
0x000000005cf00000 - 0x000000005d7a5000 	C:\Program Files\Java\jdk1.8.0_212\jre\bin\server\jvm.dll
0x00007ff975e80000 - 0x00007ff975e88000 	C:\Windows\System32\PSAPI.DLL
0x00007ff9721f0000 - 0x00007ff972214000 	C:\Windows\SYSTEM32\WINMM.dll
0x00007ff966120000 - 0x00007ff966129000 	C:\Windows\SYSTEM32\WSOCK32.dll
0x00007ff977a60000 - 0x00007ff977acf000 	C:\Windows\System32\WS2_32.dll
0x00007ff969040000 - 0x00007ff96904a000 	C:\Windows\SYSTEM32\VERSION.dll
0x00007ff9721c0000 - 0x00007ff9721ed000 	C:\Windows\SYSTEM32\WINMMBASE.dll
0x00007ff975b40000 - 0x00007ff975b8a000 	C:\Windows\System32\cfgmgr32.dll
0x00007ff96eae0000 - 0x00007ff96eaef000 	C:\Program Files\Java\jdk1.8.0_212\jre\bin\verify.dll
0x00007ff95db70000 - 0x00007ff95db99000 	C:\Program Files\Java\jdk1.8.0_212\jre\bin\java.dll
0x00007ff95ff40000 - 0x00007ff95ff56000 	C:\Program Files\Java\jdk1.8.0_212\jre\bin\zip.dll
0x00007ff976c20000 - 0x00007ff977304000 	C:\Windows\System32\SHELL32.dll
0x00007ff977520000 - 0x00007ff9775c9000 	C:\Windows\System32\shcore.dll
0x00007ff974e90000 - 0x00007ff97560e000 	C:\Windows\System32\windows.storage.dll
0x00007ff974c20000 - 0x00007ff974c43000 	C:\Windows\System32\profapi.dll
0x00007ff974bd0000 - 0x00007ff974c1a000 	C:\Windows\System32\powrprof.dll
0x00007ff974bc0000 - 0x00007ff974bd0000 	C:\Windows\System32\UMPDC.dll
0x00007ff977b40000 - 0x00007ff977b92000 	C:\Windows\System32\shlwapi.dll
0x00007ff974c50000 - 0x00007ff974c61000 	C:\Windows\System32\kernel.appcore.dll
0x00007ff975d90000 - 0x00007ff975da7000 	C:\Windows\System32\cryptsp.dll
0x00007ff96e850000 - 0x00007ff96e85d000 	C:\Program Files\Java\jdk1.8.0_212\jre\bin\management.dll
0x00007ff95fd80000 - 0x00007ff95fd9a000 	C:\Program Files\Java\jdk1.8.0_212\jre\bin\net.dll
0x00007ff963d80000 - 0x00007ff963f56000 	C:\Windows\SYSTEM32\urlmon.dll
0x00007ff963580000 - 0x00007ff963826000 	C:\Windows\SYSTEM32\iertutil.dll
0x00007ff9745a0000 - 0x00007ff9745ac000 	C:\Windows\SYSTEM32\CRYPTBASE.DLL
0x00007ff9743d0000 - 0x00007ff974437000 	C:\Windows\system32\mswsock.dll
0x00007ff9571b0000 - 0x00007ff9571c2000 	C:\Program Files\Java\jdk1.8.0_212\jre\bin\nio.dll
0x00007ff960bb0000 - 0x00007ff960bc6000 	C:\Windows\system32\napinsp.dll
0x00007ff960b90000 - 0x00007ff960baa000 	C:\Windows\system32\pnrpnsp.dll
0x00007ff974120000 - 0x00007ff9741eb000 	C:\Windows\SYSTEM32\DNSAPI.dll
0x00007ff975e90000 - 0x00007ff975e98000 	C:\Windows\System32\NSI.dll
0x00007ff9740e0000 - 0x00007ff97411a000 	C:\Windows\SYSTEM32\IPHLPAPI.DLL
0x00007ff960b80000 - 0x00007ff960b8e000 	C:\Windows\System32\winrnr.dll
0x00007ff970c60000 - 0x00007ff970c7c000 	C:\Windows\system32\NLAapi.dll
0x00007ff960b60000 - 0x00007ff960b75000 	C:\Windows\system32\wshbth.dll
0x00007ff968220000 - 0x00007ff96822a000 	C:\Windows\System32\rasadhlp.dll
0x00007ff968e60000 - 0x00007ff968ed7000 	C:\Windows\System32\fwpuclnt.dll
0x00007ff974c90000 - 0x00007ff974cb6000 	C:\Windows\System32\bcrypt.dll
0x00007ff973f40000 - 0x00007ff973f73000 	C:\Windows\system32\rsaenh.dll
0x00007ff974ae0000 - 0x00007ff974b05000 	C:\Windows\SYSTEM32\USERENV.dll
0x00007ff969090000 - 0x00007ff9690a6000 	C:\Windows\SYSTEM32\dhcpcsvc6.DLL
0x00007ff969070000 - 0x00007ff96908c000 	C:\Windows\SYSTEM32\dhcpcsvc.DLL
0x00007ff954410000 - 0x00007ff954434000 	C:\Program Files\Java\jdk1.8.0_212\jre\bin\sunec.dll
0x00007ff96d7a0000 - 0x00007ff96d7ab000 	C:\Program Files\Java\jdk1.8.0_212\jre\bin\sunmscapi.dll
0x00007ff974cc0000 - 0x00007ff974e09000 	C:\Windows\System32\CRYPT32.dll
0x00007ff974c70000 - 0x00007ff974c82000 	C:\Windows\System32\MSASN1.dll
0x00007ff9543c0000 - 0x00007ff95440b000 	C:\Program Files\Java\jre1.8.0_212\bin\sqljdbc_auth.dll
0x00007ff976890000 - 0x00007ff9769e7000 	C:\Windows\System32\ole32.dll
0x00007ff965aa0000 - 0x00007ff965aac000 	C:\Windows\system32\secur32.dll
0x00007ff974ab0000 - 0x00007ff974adf000 	C:\Windows\SYSTEM32\SSPICLI.DLL
0x00007ff974490000 - 0x00007ff974593000 	C:\Windows\system32\kerberos.DLL
0x00007ff974350000 - 0x00007ff9743c7000 	C:\Windows\system32\msv1_0.DLL
0x00007ff974340000 - 0x00007ff97434d000 	C:\Windows\SYSTEM32\NtlmShared.dll
0x00007ff974440000 - 0x00007ff974454000 	C:\Windows\SYSTEM32\cryptdll.dll
0x00007ff95dd70000 - 0x00007ff95dd98000 	C:\Windows\system32\ntdsapi.dll
0x00007ff973490000 - 0x00007ff973684000 	C:\Windows\SYSTEM32\dbghelp.dll

VM Arguments:
jvm_args: -Dcom.sun.management.jmxremote -Dcom.sun.management.jmxremote.port=56226 -Dcom.sun.management.jmxremote.authenticate=false -Dcom.sun.management.jmxremote.ssl=false -Djava.rmi.server.hostname=localhost -Dspring.liveBeansView.mbeanDomain -Dspring.application.admin.enabled=true -Xverify:none -XX:TieredStopAtLevel=1 -Dfile.encoding=UTF-8 
java_command: com.abhisek.gateway.DemoGatewayBluepayApplication --spring.output.ansi.enabled=always
java_class_path (initial): D:\Work\Demo-Gateway\Spring\demo-gateway-bluepay\target\classes;C:\Users\Hp\Downloads\sqljdbc4.jar;C:\Users\Hp\.m2\repository\org\springframework\boot\spring-boot-starter-actuator\2.2.7.RELEASE\spring-boot-starter-actuator-2.2.7.RELEASE.jar;C:\Users\Hp\.m2\repository\org\springframework\boot\spring-boot-starter\2.2.7.RELEASE\spring-boot-starter-2.2.7.RELEASE.jar;C:\Users\Hp\.m2\repository\org\springframework\boot\spring-boot-starter-logging\2.2.7.RELEASE\spring-boot-starter-logging-2.2.7.RELEASE.jar;C:\Users\Hp\.m2\repository\ch\qos\logback\logback-classic\1.2.3\logback-classic-1.2.3.jar;C:\Users\Hp\.m2\repository\ch\qos\logback\logback-core\1.2.3\logback-core-1.2.3.jar;C:\Users\Hp\.m2\repository\org\apache\logging\log4j\log4j-to-slf4j\2.12.1\log4j-to-slf4j-2.12.1.jar;C:\Users\Hp\.m2\repository\org\apache\logging\log4j\log4j-api\2.12.1\log4j-api-2.12.1.jar;C:\Users\Hp\.m2\repository\org\slf4j\jul-to-slf4j\1.7.30\jul-to-slf4j-1.7.30.jar;C:\Users\Hp\.m2\repository\jakarta\annotation\jakarta.annotation-api\1.3.5\jakarta.annotation-api-1.3.5.jar;C:\Users\Hp\.m2\repository\org\yaml\snakeyaml\1.25\snakeyaml-1.25.jar;C:\Users\Hp\.m2\repository\org\springframework\boot\spring-boot-actuator-autoconfigure\2.2.7.RELEASE\spring-boot-actuator-autoconfigure-2.2.7.RELEASE.jar;C:\Users\Hp\.m2\repository\org\springframework\boot\spring-boot-actuator\2.2.7.RELEASE\spring-boot-actuator-2.2.7.RELEASE.jar;C:\Users\Hp\.m2\repository\com\fasterxml\jackson\core\jackson-databind\2.10.4\jackson-databind-2.10.4.jar;C:\Users\Hp\.m2\repository\com\fasterxml\jackson\core\jackson-annotations\2.10.4\jackson-annotations-2.10.4.jar;C:\Users\Hp\.m2\repository\com\fasterxml\jackson\core\jackson-core\2.10.4\jackson-core-2.10.4.jar;C:\Users\Hp\.m2\repository\org\springframework\spring-context\5.2.6.RELEASE\spring-context-5.2.6.RELEASE.jar;C:\Users\Hp\.m2\repository\com\fasterxml\jackson\datatype\jackson-datatype-jsr310\2.10.4\jackson-datatype-jsr310-2.10.4.jar;C:\Users\Hp\.m
Launcher Type: SUN_STANDARD

Environment Variables:
JAVA_HOME=C:\Program Files\Java\jdk1.8.0_212
PATH=C:/Program Files/Java/jre1.8.0_212/bin/server;C:/Program Files/Java/jre1.8.0_212/bin;C:/Program Files/Java/jre1.8.0_212/lib/amd64;C:\Program Files (x86)\Common Files\Oracle\Java\javapath;C:\Windows\system32;C:\Windows;C:\Windows\System32\Wbem;C:\Windows\System32\WindowsPowerShell\v1.0\;C:\Windows\System32\OpenSSH\;D:\Work\Maven\apache-maven-3.6.1\bin;D:\Microsoft VS Code\bin;C:\Program Files\nodejs\;C:\Users\Hp\AppData\Roaming\npm;C:\Program Files\Git\cmd;C:\Program Files (x86)\Microsoft SQL Server\150\DTS\Binn\;C:\Program Files\Microsoft SQL Server\Client SDK\ODBC\170\Tools\Binn\;C:\Program Files (x86)\Microsoft SQL Server\150\Tools\Binn\;C:\Program Files\Microsoft SQL Server\150\Tools\Binn\;C:\Program Files\Microsoft SQL Server\150\DTS\Binn\;C:\Program Files\MySQL\MySQL Shell 8.0\bin\;C:\Program Files\nodejs;C:\Program Files\Docker Toolbox;D:\Work\Tools\sts-bundle\sts-3.9.6.RELEASE;
USERNAME=Hp
OS=Windows_NT
PROCESSOR_IDENTIFIER=Intel64 Family 6 Model 78 Stepping 3, GenuineIntel



---------------  S Y S T E M  ---------------

OS: Windows 10.0 , 64 bit Build 18362 (10.0.18362.778)

CPU:total 4 (initial active 4) (2 cores per cpu, 2 threads per core) family 6 model 78 stepping 3, cmov, cx8, fxsr, mmx, sse, sse2, sse3, ssse3, sse4.1, sse4.2, popcnt, avx, avx2, aes, clmul, erms, 3dnowpref, lzcnt, ht, tsc, tscinvbit, bmi1, bmi2, adx

Memory: 4k page, physical 4082592k(765440k free), swap 9063328k(2961496k free)

vm_info: Java HotSpot(TM) 64-Bit Server VM (25.212-b10) for windows-amd64 JRE (1.8.0_212-b10), built on Apr  1 2019 22:50:23 by "java_re" with MS VC++ 10.0 (VS2010)

time: Sun May 31 20:05:29 2020
timezone: India Standard Time
elapsed time: 5 seconds (0d 0h 0m 5s)

