#
# A fatal error has been detected by the Java Runtime Environment:
#
#  EXCEPTION_ACCESS_VIOLATION (0xc0000005) at pc=0x000000005d03f943, pid=872, tid=0x0000000000002858
#
# JRE version: Java(TM) SE Runtime Environment (8.0_212-b10) (build 1.8.0_212-b10)
# Java VM: Java HotSpot(TM) 64-Bit Server VM (25.212-b10 mixed mode windows-amd64 compressed oops)
# Problematic frame:
# V  [jvm.dll+0x13f943]
#
# Failed to write core dump. Minidumps are not enabled by default on client versions of Windows
#
# If you would like to submit a bug report, please visit:
#   http://bugreport.java.com/bugreport/crash.jsp
#

---------------  T H R E A D  ---------------

Current thread (0x0000000017e4e000):  JavaThread "restartedMain" [_thread_in_vm, id=10328, stack(0x0000000018980000,0x0000000018a80000)]

siginfo: ExceptionCode=0xc0000005, reading address 0x00000002e8a310e8

Registers:
RAX=0x0000000000000000, RBX=0x0000000017e4e000, RCX=0x0000000000000003, RDX=0x00000002e8a31080
RSP=0x0000000018a7c800, RBP=0x0000000018a7c950, RSI=0x0000000017e4e1f8, RDI=0x0000000017e4e000
R8 =0xffff8006ac292ef0, R9 =0x00007ff953d6d13f, R10=0x000000000000002f, R11=0x000000000000002f
R12=0x0000000018a7cb90, R13=0x0000000000000000, R14=0x0000000018a7cb88, R15=0x0000000000000000
RIP=0x000000005d03f943, EFLAGS=0x0000000000010202

Top of Stack: (sp=0x0000000018a7c800)
0x0000000018a7c800:   00007ff953d6d110 0000000017e4e000
0x0000000018a7c810:   0000000018a7c950 0000000000000000
0x0000000018a7c820:   0000000017e4e000 0000000000000000
0x0000000018a7c830:   0000000000000000 0000000000000000
0x0000000018a7c840:   0000000017cb4830 00007ff953d46777
0x0000000018a7c850:   0000000017e4e1f8 0000000018a7c950
0x0000000018a7c860:   0000000017e4e000 0000000003231797
0x0000000018a7c870:   0000000003231aa0 0000000000000000
0x0000000018a7c880:   0000000000000000 0000000000000000
0x0000000018a7c890:   00000000032316a0 0000000015010000
0x0000000018a7c8a0:   0000000018a7c800 0000000000000000
0x0000000018a7c8b0:   0000000000000000 0000000000000000
0x0000000018a7c8c0:   0000000000000000 0000000000000000
0x0000000018a7c8d0:   0000000000000000 0000000000000000
0x0000000018a7c8e0:   0000000018a7cb58 0000000000000000
0x0000000018a7c8f0:   0000000018a7cb70 0000000018a7cb68 

Instructions: (pc=0x000000005d03f943)
0x000000005d03f923:   00 00 48 8b 17 74 15 8b 52 08 8b 0d 35 9f 66 00
0x000000005d03f933:   48 d3 e2 48 03 15 23 9f 66 00 eb 04 48 8b 52 08
0x000000005d03f943:   48 8b 52 68 48 8b ce e8 b1 81 0d 00 48 83 7c 24
0x000000005d03f953:   28 00 48 8b f0 74 0a 48 8d 4c 24 20 e8 6c f4 13 


Register to memory mapping:

RAX=0x0000000000000000 is an unknown value
RBX=0x0000000017e4e000 is a thread
RCX=0x0000000000000003 is an unknown value
RDX=0x00000002e8a31080 is an unknown value
RSP=0x0000000018a7c800 is pointing into the stack for thread: 0x0000000017e4e000
RBP=0x0000000018a7c950 is pointing into the stack for thread: 0x0000000017e4e000
RSI=0x0000000017e4e1f8 is an unknown value
RDI=0x0000000017e4e000 is a thread
R8 =0xffff8006ac292ef0 is an unknown value
R9 =0x00007ff953d6d13f is an unknown value
R10=0x000000000000002f is an unknown value
R11=0x000000000000002f is an unknown value
R12=0x0000000018a7cb90 is pointing into the stack for thread: 0x0000000017e4e000
R13=0x0000000000000000 is an unknown value
R14=0x0000000018a7cb88 is pointing into the stack for thread: 0x0000000017e4e000
R15=0x0000000000000000 is an unknown value


Stack: [0x0000000018980000,0x0000000018a80000],  sp=0x0000000018a7c800,  free space=1010k
Native frames: (J=compiled Java code, j=interpreted, Vv=VM code, C=native code)
V  [jvm.dll+0x13f943]
C  [sqljdbc_auth.dll+0x6777]
C  0x00000000031e8c67

Java frames: (J=compiled Java code, j=interpreted, Vv=VM code)
j  com.microsoft.sqlserver.jdbc.AuthenticationJNI.SNISecGenClientContext([B[I[BI[B[I[ZLjava/lang/String;Ljava/lang/String;Ljava/lang/String;Ljava/util/logging/Logger;)I+0
j  com.microsoft.sqlserver.jdbc.AuthenticationJNI.GenerateClientContext([BI[B[I[Z)I+24
j  com.microsoft.sqlserver.jdbc.SQLServerConnection.SSPIData([B[B[I[ZLcom/microsoft/sqlserver/jdbc/AuthenticationJNI;)V+13
j  com.microsoft.sqlserver.jdbc.SQLServerConnection.sendLogon(Lcom/microsoft/sqlserver/jdbc/SQLServerConnection$LogonCommand;Lcom/microsoft/sqlserver/jdbc/AuthenticationJNI;)V+151
j  com.microsoft.sqlserver.jdbc.SQLServerConnection.logon(Lcom/microsoft/sqlserver/jdbc/SQLServerConnection$LogonCommand;)V+20
j  com.microsoft.sqlserver.jdbc.SQLServerConnection.access$000(Lcom/microsoft/sqlserver/jdbc/SQLServerConnection;Lcom/microsoft/sqlserver/jdbc/SQLServerConnection$LogonCommand;)V+2
j  com.microsoft.sqlserver.jdbc.SQLServerConnection$LogonCommand.doExecute()Z+5
j  com.microsoft.sqlserver.jdbc.TDSCommand.execute(Lcom/microsoft/sqlserver/jdbc/TDSWriter;Lcom/microsoft/sqlserver/jdbc/TDSReader;)Z+30
j  com.microsoft.sqlserver.jdbc.SQLServerConnection.executeCommand(Lcom/microsoft/sqlserver/jdbc/TDSCommand;)Z+45
j  com.microsoft.sqlserver.jdbc.SQLServerConnection.connectHelper(Lcom/microsoft/sqlserver/jdbc/ServerPortPlaceHolder;II)V+284
j  com.microsoft.sqlserver.jdbc.SQLServerConnection.login(Ljava/lang/String;Ljava/lang/String;ILjava/lang/String;Lcom/microsoft/sqlserver/jdbc/FailoverInfo;IJ)V+399
j  com.microsoft.sqlserver.jdbc.SQLServerConnection.connect(Ljava/util/Properties;Lcom/microsoft/sqlserver/jdbc/SQLServerPooledConnection;)Ljava/sql/Connection;+1736
j  com.microsoft.sqlserver.jdbc.SQLServerDriver.connect(Ljava/lang/String;Ljava/util/Properties;)Ljava/sql/Connection;+45
j  com.zaxxer.hikari.util.DriverDataSource.getConnection()Ljava/sql/Connection;+12
j  com.zaxxer.hikari.pool.PoolBase.newConnection()Ljava/sql/Connection;+33
j  com.zaxxer.hikari.pool.PoolBase.newPoolEntry()Lcom/zaxxer/hikari/pool/PoolEntry;+5
j  com.zaxxer.hikari.pool.HikariPool.createPoolEntry()Lcom/zaxxer/hikari/pool/PoolEntry;+1
j  com.zaxxer.hikari.pool.HikariPool.checkFailFast()V+20
j  com.zaxxer.hikari.pool.HikariPool.<init>(Lcom/zaxxer/hikari/HikariConfig;)V+128
j  com.zaxxer.hikari.HikariDataSource.getConnection()Ljava/sql/Connection;+100
j  org.hibernate.engine.jdbc.connections.internal.DatasourceConnectionProviderImpl.getConnection()Ljava/sql/Connection;+48
j  org.hibernate.engine.jdbc.env.internal.JdbcEnvironmentInitiator$ConnectionProviderJdbcConnectionAccess.obtainConnection()Ljava/sql/Connection;+4
j  org.hibernate.engine.jdbc.env.internal.JdbcEnvironmentInitiator.initiateService(Ljava/util/Map;Lorg/hibernate/service/spi/ServiceRegistryImplementor;)Lorg/hibernate/engine/jdbc/env/spi/JdbcEnvironment;+36
j  org.hibernate.engine.jdbc.env.internal.JdbcEnvironmentInitiator.initiateService(Ljava/util/Map;Lorg/hibernate/service/spi/ServiceRegistryImplementor;)Lorg/hibernate/service/Service;+3
j  org.hibernate.boot.registry.internal.StandardServiceRegistryImpl.initiateService(Lorg/hibernate/service/spi/ServiceInitiator;)Lorg/hibernate/service/Service;+9
j  org.hibernate.service.internal.AbstractServiceRegistryImpl.createService(Lorg/hibernate/service/spi/ServiceBinding;)Lorg/hibernate/service/Service;+26
j  org.hibernate.service.internal.AbstractServiceRegistryImpl.initializeService(Lorg/hibernate/service/spi/ServiceBinding;)Lorg/hibernate/service/Service;+30
j  org.hibernate.service.internal.AbstractServiceRegistryImpl.getService(Ljava/lang/Class;)Lorg/hibernate/service/Service;+88
j  org.hibernate.id.factory.internal.DefaultIdentifierGeneratorFactory.injectServices(Lorg/hibernate/service/spi/ServiceRegistryImplementor;)V+9
j  org.hibernate.service.internal.AbstractServiceRegistryImpl.injectDependencies(Lorg/hibernate/service/spi/ServiceBinding;)V+24
j  org.hibernate.service.internal.AbstractServiceRegistryImpl.initializeService(Lorg/hibernate/service/spi/ServiceBinding;)Lorg/hibernate/service/Service;+45
j  org.hibernate.service.internal.AbstractServiceRegistryImpl.getService(Ljava/lang/Class;)Lorg/hibernate/service/Service;+88
j  org.hibernate.boot.internal.InFlightMetadataCollectorImpl.<init>(Lorg/hibernate/boot/spi/BootstrapContext;Lorg/hibernate/boot/spi/MetadataBuildingOptions;)V+277
j  org.hibernate.boot.model.process.spi.MetadataBuildingProcess.complete(Lorg/hibernate/boot/model/process/spi/ManagedResources;Lorg/hibernate/boot/spi/BootstrapContext;Lorg/hibernate/boot/spi/MetadataBuildingOptions;)Lorg/hibernate/boot/spi/MetadataImplementor;+6
j  org.hibernate.jpa.boot.internal.EntityManagerFactoryBuilderImpl.metadata()Lorg/hibernate/boot/spi/MetadataImplementor;+30
j  org.hibernate.jpa.boot.internal.EntityManagerFactoryBuilderImpl.build()Ljavax/persistence/EntityManagerFactory;+1
j  org.springframework.orm.jpa.vendor.SpringHibernateJpaPersistenceProvider.createContainerEntityManagerFactory(Ljavax/persistence/spi/PersistenceUnitInfo;Ljava/util/Map;)Ljavax/persistence/EntityManagerFactory;+55
j  org.springframework.orm.jpa.LocalContainerEntityManagerFactoryBean.createNativeEntityManagerFactory()Ljavax/persistence/EntityManagerFactory;+129
j  org.springframework.orm.jpa.AbstractEntityManagerFactoryBean.buildNativeEntityManagerFactory()Ljavax/persistence/EntityManagerFactory;+1
j  org.springframework.orm.jpa.AbstractEntityManagerFactoryBean.afterPropertiesSet()V+192
j  org.springframework.orm.jpa.LocalContainerEntityManagerFactoryBean.afterPropertiesSet()V+77
j  org.springframework.beans.factory.support.AbstractAutowireCapableBeanFactory.invokeInitMethods(Ljava/lang/String;Ljava/lang/Object;Lorg/springframework/beans/factory/support/RootBeanDefinition;)V+106
j  org.springframework.beans.factory.support.AbstractAutowireCapableBeanFactory.initializeBean(Ljava/lang/String;Ljava/lang/Object;Lorg/springframework/beans/factory/support/RootBeanDefinition;)Ljava/lang/Object;+59
j  org.springframework.beans.factory.support.AbstractAutowireCapableBeanFactory.doCreateBean(Ljava/lang/String;Lorg/springframework/beans/factory/support/RootBeanDefinition;[Ljava/lang/Object;)Ljava/lang/Object;+245
j  org.springframework.beans.factory.support.AbstractAutowireCapableBeanFactory.createBean(Ljava/lang/String;Lorg/springframework/beans/factory/support/RootBeanDefinition;[Ljava/lang/Object;)Ljava/lang/Object;+169
j  org.springframework.beans.factory.support.AbstractBeanFactory.lambda$doGetBean$0(Ljava/lang/String;Lorg/springframework/beans/factory/support/RootBeanDefinition;[Ljava/lang/Object;)Ljava/lang/Object;+4
j  org.springframework.beans.factory.support.AbstractBeanFactory$$Lambda$156.getObject()Ljava/lang/Object;+16
j  org.springframework.beans.factory.support.DefaultSingletonBeanRegistry.getSingleton(Ljava/lang/String;Lorg/springframework/beans/factory/ObjectFactory;)Ljava/lang/Object;+132
J 2185 C1 org.springframework.beans.factory.support.AbstractBeanFactory.doGetBean(Ljava/lang/String;Ljava/lang/Class;[Ljava/lang/Object;Z)Ljava/lang/Object; (833 bytes) @ 0x000000000363449c [0x0000000003633f80+0x51c]
j  org.springframework.beans.factory.support.AbstractBeanFactory.getBean(Ljava/lang/String;)Ljava/lang/Object;+5
j  org.springframework.context.support.AbstractApplicationContext.getBean(Ljava/lang/String;)Ljava/lang/Object;+9
j  org.springframework.context.support.AbstractApplicationContext.finishBeanFactoryInitialization(Lorg/springframework/beans/factory/config/ConfigurableListableBeanFactory;)V+100
j  org.springframework.context.support.AbstractApplicationContext.refresh()V+54
j  org.springframework.boot.web.servlet.context.ServletWebServerApplicationContext.refresh()V+1
j  org.springframework.boot.SpringApplication.refresh(Lorg/springframework/context/ApplicationContext;)V+10
j  org.springframework.boot.SpringApplication.refreshContext(Lorg/springframework/context/ConfigurableApplicationContext;)V+2
j  org.springframework.boot.SpringApplication.run([Ljava/lang/String;)Lorg/springframework/context/ConfigurableApplicationContext;+118
j  org.springframework.boot.SpringApplication.run([Ljava/lang/Class;[Ljava/lang/String;)Lorg/springframework/context/ConfigurableApplicationContext;+9
j  org.springframework.boot.SpringApplication.run(Ljava/lang/Class;[Ljava/lang/String;)Lorg/springframework/context/ConfigurableApplicationContext;+9
j  com.abhisek.gateway.DemoGatewayBluepayApplication.main([Ljava/lang/String;)V+3
v  ~StubRoutines::call_stub
j  sun.reflect.NativeMethodAccessorImpl.invoke0(Ljava/lang/reflect/Method;Ljava/lang/Object;[Ljava/lang/Object;)Ljava/lang/Object;+0
j  sun.reflect.NativeMethodAccessorImpl.invoke(Ljava/lang/Object;[Ljava/lang/Object;)Ljava/lang/Object;+100
j  sun.reflect.DelegatingMethodAccessorImpl.invoke(Ljava/lang/Object;[Ljava/lang/Object;)Ljava/lang/Object;+6
j  java.lang.reflect.Method.invoke(Ljava/lang/Object;[Ljava/lang/Object;)Ljava/lang/Object;+56
j  org.springframework.boot.devtools.restart.RestartLauncher.run()V+41
v  ~StubRoutines::call_stub

---------------  P R O C E S S  ---------------

Java Threads: ( => current thread )
  0x0000000019bfd800 JavaThread "container-0" [_thread_blocked, id=5260, stack(0x000000001b050000,0x000000001b150000)]
  0x0000000019bf5000 JavaThread "Catalina-utility-2" [_thread_blocked, id=10620, stack(0x000000001ad50000,0x000000001ae50000)]
  0x0000000019bea800 JavaThread "Catalina-utility-1" [_thread_blocked, id=11472, stack(0x0000000018a80000,0x0000000018b80000)]
=>0x0000000017e4e000 JavaThread "restartedMain" [_thread_in_vm, id=10328, stack(0x0000000018980000,0x0000000018a80000)]
  0x0000000017e0b000 JavaThread "Thread-1" [_thread_blocked, id=5560, stack(0x0000000018880000,0x0000000018980000)]
  0x0000000017bfc000 JavaThread "RMI TCP Accept-0" daemon [_thread_in_native, id=9212, stack(0x0000000018340000,0x0000000018440000)]
  0x0000000017bf7800 JavaThread "RMI TCP Accept-55992" daemon [_thread_in_native, id=8088, stack(0x0000000018240000,0x0000000018340000)]
  0x0000000017bec000 JavaThread "RMI TCP Accept-0" daemon [_thread_in_native, id=10192, stack(0x0000000018140000,0x0000000018240000)]
  0x0000000017140000 JavaThread "Service Thread" daemon [_thread_blocked, id=1840, stack(0x0000000017500000,0x0000000017600000)]
  0x00000000157d3800 JavaThread "C1 CompilerThread2" daemon [_thread_blocked, id=9288, stack(0x0000000017000000,0x0000000017100000)]
  0x00000000157c5800 JavaThread "C2 CompilerThread1" daemon [_thread_blocked, id=5192, stack(0x0000000016f00000,0x0000000017000000)]
  0x00000000157c1000 JavaThread "C2 CompilerThread0" daemon [_thread_blocked, id=5808, stack(0x0000000016e00000,0x0000000016f00000)]
  0x00000000157c0000 JavaThread "Attach Listener" daemon [_thread_blocked, id=5628, stack(0x0000000016d00000,0x0000000016e00000)]
  0x00000000157bd000 JavaThread "Signal Dispatcher" daemon [_thread_blocked, id=9416, stack(0x0000000016c00000,0x0000000016d00000)]
  0x00000000031cd800 JavaThread "Finalizer" daemon [_thread_blocked, id=8284, stack(0x0000000016a00000,0x0000000016b00000)]
  0x00000000031c6000 JavaThread "Reference Handler" daemon [_thread_blocked, id=11240, stack(0x0000000016900000,0x0000000016a00000)]
  0x00000000030d6800 JavaThread "main" [_thread_blocked, id=11100, stack(0x0000000002fd0000,0x00000000030d0000)]

Other Threads:
  0x0000000015777800 VMThread [stack: 0x0000000016800000,0x0000000016900000] [id=4804]
  0x0000000017c08000 WatcherThread [stack: 0x0000000018440000,0x0000000018540000] [id=11964]

VM state:not at safepoint (normal execution)

VM Mutex/Monitor currently owned by a thread: None

heap address: 0x00000000c1a00000, size: 998 MB, Compressed Oops mode: 32-bit
Narrow klass base: 0x0000000000000000, Narrow klass shift: 3
Compressed class space size: 1073741824 Address: 0x0000000100000000

Heap:
 PSYoungGen      total 167936K, used 45154K [0x00000000eb380000, 0x00000000f7380000, 0x0000000100000000)
  eden space 156672K, 28% used [0x00000000eb380000,0x00000000edf98928,0x00000000f4c80000)
  from space 11264K, 0% used [0x00000000f5900000,0x00000000f5900000,0x00000000f6400000)
  to   space 12800K, 0% used [0x00000000f4c80000,0x00000000f4c80000,0x00000000f5900000)
 ParOldGen       total 48128K, used 16302K [0x00000000c1a00000, 0x00000000c4900000, 0x00000000eb380000)
  object space 48128K, 33% used [0x00000000c1a00000,0x00000000c29eb878,0x00000000c4900000)
 Metaspace       used 37448K, capacity 39678K, committed 39808K, reserved 1083392K
  class space    used 5228K, capacity 5654K, committed 5760K, reserved 1048576K

Card table byte_map: [0x0000000012590000,0x0000000012790000] byte_map_base: 0x0000000011f83000

Marking Bits: (ParMarkBitMap*) 0x000000005d725ce0
 Begin Bits: [0x0000000012ce0000, 0x0000000013c78000)
 End Bits:   [0x0000000013c78000, 0x0000000014c10000)

Polling page: 0x0000000001220000

CodeCache: size=245760Kb used=6781Kb max_used=6781Kb free=238978Kb
 bounds [0x00000000031d0000, 0x0000000003870000, 0x00000000121d0000]
 total_blobs=3866 nmethods=3406 adapters=372
 compilation: enabled

Compilation events (10 events):
Event: 7.354 Thread 0x00000000157d3800 3402       1       java.security.MessageDigest::getInstance (77 bytes)
Event: 7.355 Thread 0x00000000157d3800 nmethod 3402 0x000000000386c650 code [0x000000000386c800, 0x000000000386cdb8]
Event: 7.355 Thread 0x00000000157d3800 3403       1       java.security.Security::getImpl (14 bytes)
Event: 7.355 Thread 0x00000000157d3800 nmethod 3403 0x000000000386d190 code [0x000000000386d320, 0x000000000386d6f8]
Event: 7.364 Thread 0x00000000157d3800 3404       1       com.sun.crypto.provider.AESCrypt::mul4 (181 bytes)
Event: 7.365 Thread 0x00000000157d3800 nmethod 3404 0x000000000386d9d0 code [0x000000000386dbc0, 0x000000000386e470]
Event: 7.371 Thread 0x00000000157d3800 3405       1       java.nio.charset.CharsetEncoder::onUnmappableCharacter (26 bytes)
Event: 7.371 Thread 0x00000000157d3800 nmethod 3405 0x000000000386ecd0 code [0x000000000386ee40, 0x000000000386f028]
Event: 7.371 Thread 0x00000000157d3800 3406       1       java.nio.charset.CharsetEncoder::implOnUnmappableCharacter (1 bytes)
Event: 7.371 Thread 0x00000000157d3800 nmethod 3406 0x000000000386f0d0 code [0x000000000386f220, 0x000000000386f330]

GC Heap History (10 events):
Event: 1.733 GC heap before
{Heap before GC invocations=8 (full 1):
 PSYoungGen      total 71680K, used 5623K [0x00000000eb380000, 0x00000000f3f80000, 0x0000000100000000)
  eden space 64000K, 0% used [0x00000000eb380000,0x00000000eb380000,0x00000000ef200000)
  from space 7680K, 73% used [0x00000000ef200000,0x00000000ef77df60,0x00000000ef980000)
  to   space 7680K, 0% used [0x00000000f3800000,0x00000000f3800000,0x00000000f3f80000)
 ParOldGen       total 44032K, used 8211K [0x00000000c1a00000, 0x00000000c4500000, 0x00000000eb380000)
  object space 44032K, 18% used [0x00000000c1a00000,0x00000000c2204f48,0x00000000c4500000)
 Metaspace       used 20450K, capacity 21170K, committed 21296K, reserved 1067008K
  class space    used 2752K, capacity 2933K, committed 2944K, reserved 1048576K
Event: 1.771 GC heap after
Heap after GC invocations=8 (full 1):
 PSYoungGen      total 71680K, used 0K [0x00000000eb380000, 0x00000000f3f80000, 0x0000000100000000)
  eden space 64000K, 0% used [0x00000000eb380000,0x00000000eb380000,0x00000000ef200000)
  from space 7680K, 0% used [0x00000000ef200000,0x00000000ef200000,0x00000000ef980000)
  to   space 7680K, 0% used [0x00000000f3800000,0x00000000f3800000,0x00000000f3f80000)
 ParOldGen       total 33792K, used 10501K [0x00000000c1a00000, 0x00000000c3b00000, 0x00000000eb380000)
  object space 33792K, 31% used [0x00000000c1a00000,0x00000000c2441400,0x00000000c3b00000)
 Metaspace       used 20448K, capacity 21164K, committed 21296K, reserved 1067008K
  class space    used 2752K, capacity 2932K, committed 2944K, reserved 1048576K
}
Event: 2.235 GC heap before
{Heap before GC invocations=9 (full 1):
 PSYoungGen      total 71680K, used 64000K [0x00000000eb380000, 0x00000000f3f80000, 0x0000000100000000)
  eden space 64000K, 100% used [0x00000000eb380000,0x00000000ef200000,0x00000000ef200000)
  from space 7680K, 0% used [0x00000000ef200000,0x00000000ef200000,0x00000000ef980000)
  to   space 7680K, 0% used [0x00000000f3800000,0x00000000f3800000,0x00000000f3f80000)
 ParOldGen       total 33792K, used 10501K [0x00000000c1a00000, 0x00000000c3b00000, 0x00000000eb380000)
  object space 33792K, 31% used [0x00000000c1a00000,0x00000000c2441400,0x00000000c3b00000)
 Metaspace       used 21484K, capacity 22322K, committed 22656K, reserved 1069056K
  class space    used 2899K, capacity 3095K, committed 3200K, reserved 1048576K
Event: 2.238 GC heap after
Heap after GC invocations=9 (full 1):
 PSYoungGen      total 114688K, used 2584K [0x00000000eb380000, 0x00000000f3b00000, 0x0000000100000000)
  eden space 111616K, 0% used [0x00000000eb380000,0x00000000eb380000,0x00000000f2080000)
  from space 3072K, 84% used [0x00000000f3800000,0x00000000f3a86020,0x00000000f3b00000)
  to   space 7680K, 0% used [0x00000000f2c00000,0x00000000f2c00000,0x00000000f3380000)
 ParOldGen       total 33792K, used 10509K [0x00000000c1a00000, 0x00000000c3b00000, 0x00000000eb380000)
  object space 33792K, 31% used [0x00000000c1a00000,0x00000000c2443400,0x00000000c3b00000)
 Metaspace       used 21484K, capacity 22322K, committed 22656K, reserved 1069056K
  class space    used 2899K, capacity 3095K, committed 3200K, reserved 1048576K
}
Event: 4.322 GC heap before
{Heap before GC invocations=10 (full 1):
 PSYoungGen      total 114688K, used 114200K [0x00000000eb380000, 0x00000000f3b00000, 0x0000000100000000)
  eden space 111616K, 100% used [0x00000000eb380000,0x00000000f2080000,0x00000000f2080000)
  from space 3072K, 84% used [0x00000000f3800000,0x00000000f3a86020,0x00000000f3b00000)
  to   space 7680K, 0% used [0x00000000f2c00000,0x00000000f2c00000,0x00000000f3380000)
 ParOldGen       total 33792K, used 10509K [0x00000000c1a00000, 0x00000000c3b00000, 0x00000000eb380000)
  object space 33792K, 31% used [0x00000000c1a00000,0x00000000c2443400,0x00000000c3b00000)
 Metaspace       used 29271K, capacity 31026K, committed 31360K, reserved 1077248K
  class space    used 4023K, capacity 4372K, committed 4480K, reserved 1048576K
Event: 4.339 GC heap after
Heap after GC invocations=10 (full 1):
 PSYoungGen      total 131072K, used 7679K [0x00000000eb380000, 0x00000000f6400000, 0x0000000100000000)
  eden space 123392K, 0% used [0x00000000eb380000,0x00000000eb380000,0x00000000f2c00000)
  from space 7680K, 99% used [0x00000000f2c00000,0x00000000f337fdf0,0x00000000f3380000)
  to   space 11264K, 0% used [0x00000000f5900000,0x00000000f5900000,0x00000000f6400000)
 ParOldGen       total 33792K, used 16517K [0x00000000c1a00000, 0x00000000c3b00000, 0x00000000eb380000)
  object space 33792K, 48% used [0x00000000c1a00000,0x00000000c2a21788,0x00000000c3b00000)
 Metaspace       used 29271K, capacity 31026K, committed 31360K, reserved 1077248K
  class space    used 4023K, capacity 4372K, committed 4480K, reserved 1048576K
}
Event: 5.646 GC heap before
{Heap before GC invocations=11 (full 1):
 PSYoungGen      total 131072K, used 131071K [0x00000000eb380000, 0x00000000f6400000, 0x0000000100000000)
  eden space 123392K, 100% used [0x00000000eb380000,0x00000000f2c00000,0x00000000f2c00000)
  from space 7680K, 99% used [0x00000000f2c00000,0x00000000f337fdf0,0x00000000f3380000)
  to   space 11264K, 0% used [0x00000000f5900000,0x00000000f5900000,0x00000000f6400000)
 ParOldGen       total 33792K, used 16517K [0x00000000c1a00000, 0x00000000c3b00000, 0x00000000eb380000)
  object space 33792K, 48% used [0x00000000c1a00000,0x00000000c2a21788,0x00000000c3b00000)
 Metaspace       used 33349K, capacity 35364K, committed 35456K, reserved 1079296K
  class space    used 4559K, capacity 4969K, committed 4992K, reserved 1048576K
Event: 5.661 GC heap after
Heap after GC invocations=11 (full 1):
 PSYoungGen      total 167936K, used 10874K [0x00000000eb380000, 0x00000000f7380000, 0x0000000100000000)
  eden space 156672K, 0% used [0x00000000eb380000,0x00000000eb380000,0x00000000f4c80000)
  from space 11264K, 96% used [0x00000000f5900000,0x00000000f639ea10,0x00000000f6400000)
  to   space 12800K, 0% used [0x00000000f4c80000,0x00000000f4c80000,0x00000000f5900000)
 ParOldGen       total 33792K, used 17573K [0x00000000c1a00000, 0x00000000c3b00000, 0x00000000eb380000)
  object space 33792K, 52% used [0x00000000c1a00000,0x00000000c2b29730,0x00000000c3b00000)
 Metaspace       used 33349K, capacity 35364K, committed 35456K, reserved 1079296K
  class space    used 4559K, capacity 4969K, committed 4992K, reserved 1048576K
}
Event: 5.661 GC heap before
{Heap before GC invocations=12 (full 2):
 PSYoungGen      total 167936K, used 10874K [0x00000000eb380000, 0x00000000f7380000, 0x0000000100000000)
  eden space 156672K, 0% used [0x00000000eb380000,0x00000000eb380000,0x00000000f4c80000)
  from space 11264K, 96% used [0x00000000f5900000,0x00000000f639ea10,0x00000000f6400000)
  to   space 12800K, 0% used [0x00000000f4c80000,0x00000000f4c80000,0x00000000f5900000)
 ParOldGen       total 33792K, used 17573K [0x00000000c1a00000, 0x00000000c3b00000, 0x00000000eb380000)
  object space 33792K, 52% used [0x00000000c1a00000,0x00000000c2b29730,0x00000000c3b00000)
 Metaspace       used 33349K, capacity 35364K, committed 35456K, reserved 1079296K
  class space    used 4559K, capacity 4969K, committed 4992K, reserved 1048576K
Event: 5.742 GC heap after
Heap after GC invocations=12 (full 2):
 PSYoungGen      total 167936K, used 0K [0x00000000eb380000, 0x00000000f7380000, 0x0000000100000000)
  eden space 156672K, 0% used [0x00000000eb380000,0x00000000eb380000,0x00000000f4c80000)
  from space 11264K, 0% used [0x00000000f5900000,0x00000000f5900000,0x00000000f6400000)
  to   space 12800K, 0% used [0x00000000f4c80000,0x00000000f4c80000,0x00000000f5900000)
 ParOldGen       total 48128K, used 16302K [0x00000000c1a00000, 0x00000000c4900000, 0x00000000eb380000)
  object space 48128K, 33% used [0x00000000c1a00000,0x00000000c29eb878,0x00000000c4900000)
 Metaspace       used 33349K, capacity 35364K, committed 35456K, reserved 1079296K
  class space    used 4559K, capacity 4969K, committed 4992K, reserved 1048576K
}

Deoptimization events (0 events):
No events

Classes redefined (0 events):
No events

Internal exceptions (10 events):
Event: 4.984 Thread 0x0000000017e4e000 Exception <a 'java/lang/ArrayIndexOutOfBoundsException'> (0x00000000f1547970) thrown at [C:\re\workspace\8-2-build-windows-amd64-cygwin\jdk8u212\12974\hotspot\src\share\vm\runtime\sharedRuntime.cpp, line 605]
Event: 4.984 Thread 0x0000000017e4e000 Exception <a 'java/lang/ArrayIndexOutOfBoundsException'> (0x00000000f154cb80) thrown at [C:\re\workspace\8-2-build-windows-amd64-cygwin\jdk8u212\12974\hotspot\src\share\vm\runtime\sharedRuntime.cpp, line 605]
Event: 5.038 Thread 0x0000000017e4e000 Exception <a 'java/io/FileNotFoundException'> (0x00000000f1791898) thrown at [C:\re\workspace\8-2-build-windows-amd64-cygwin\jdk8u212\12974\hotspot\src\share\vm\prims\jni.cpp, line 710]
Event: 5.059 Thread 0x0000000017e4e000 Exception <a 'java/lang/ArrayIndexOutOfBoundsException'> (0x00000000f187ce00) thrown at [C:\re\workspace\8-2-build-windows-amd64-cygwin\jdk8u212\12974\hotspot\src\share\vm\runtime\sharedRuntime.cpp, line 605]
Event: 5.061 Thread 0x0000000017e4e000 Exception <a 'java/lang/ArrayIndexOutOfBoundsException'> (0x00000000f1894b18) thrown at [C:\re\workspace\8-2-build-windows-amd64-cygwin\jdk8u212\12974\hotspot\src\share\vm\runtime\sharedRuntime.cpp, line 605]
Event: 5.063 Thread 0x0000000017e4e000 Exception <a 'java/lang/ArrayIndexOutOfBoundsException'> (0x00000000f19dd518) thrown at [C:\re\workspace\8-2-build-windows-amd64-cygwin\jdk8u212\12974\hotspot\src\share\vm\runtime\sharedRuntime.cpp, line 605]
Event: 5.068 Thread 0x0000000017e4e000 Exception <a 'java/lang/ArrayIndexOutOfBoundsException'> (0x00000000f1a11490) thrown at [C:\re\workspace\8-2-build-windows-amd64-cygwin\jdk8u212\12974\hotspot\src\share\vm\runtime\sharedRuntime.cpp, line 605]
Event: 5.068 Thread 0x0000000017e4e000 Exception <a 'java/lang/ArrayIndexOutOfBoundsException'> (0x00000000f1a12e58) thrown at [C:\re\workspace\8-2-build-windows-amd64-cygwin\jdk8u212\12974\hotspot\src\share\vm\runtime\sharedRuntime.cpp, line 605]
Event: 5.768 Thread 0x0000000017140000 Exception <a 'java/lang/ArrayIndexOutOfBoundsException'> (0x00000000eb5c7160) thrown at [C:\re\workspace\8-2-build-windows-amd64-cygwin\jdk8u212\12974\hotspot\src\share\vm\runtime\sharedRuntime.cpp, line 605]
Event: 5.801 Thread 0x0000000017140000 Exception <a 'java/lang/ArrayIndexOutOfBoundsException'> (0x00000000eb5c9680) thrown at [C:\re\workspace\8-2-build-windows-amd64-cygwin\jdk8u212\12974\hotspot\src\share\vm\runtime\sharedRuntime.cpp, line 605]

Events (10 events):
Event: 7.372 loading class javax/crypto/NullCipher
Event: 7.372 loading class javax/crypto/NullCipher done
Event: 7.375 loading class com/microsoft/sqlserver/jdbc/SQLServerConnection$LogonCommand
Event: 7.375 loading class com/microsoft/sqlserver/jdbc/SQLServerConnection$LogonCommand done
Event: 7.375 loading class com/microsoft/sqlserver/jdbc/UninterruptableTDSCommand
Event: 7.375 loading class com/microsoft/sqlserver/jdbc/UninterruptableTDSCommand done
Event: 7.375 loading class com/microsoft/sqlserver/jdbc/TDSCommand
Event: 7.375 loading class com/microsoft/sqlserver/jdbc/TDSCommand done
Event: 7.376 loading class com/microsoft/sqlserver/jdbc/AuthenticationJNI
Event: 7.376 loading class com/microsoft/sqlserver/jdbc/AuthenticationJNI done


Dynamic libraries:
0x00007ff690f80000 - 0x00007ff690fb7000 	C:\Program Files\Java\jdk1.8.0_212\bin\javaw.exe
0x00007ff977d00000 - 0x00007ff977ef0000 	C:\Windows\SYSTEM32\ntdll.dll
0x00007ff9761f0000 - 0x00007ff9762a2000 	C:\Windows\System32\KERNEL32.DLL
0x00007ff975640000 - 0x00007ff9758e4000 	C:\Windows\System32\KERNELBASE.dll
0x00007ff977710000 - 0x00007ff9777b3000 	C:\Windows\System32\ADVAPI32.dll
0x00007ff977820000 - 0x00007ff9778be000 	C:\Windows\System32\msvcrt.dll
0x00007ff9762b0000 - 0x00007ff976347000 	C:\Windows\System32\sechost.dll
0x00007ff977ba0000 - 0x00007ff977cc0000 	C:\Windows\System32\RPCRT4.dll
0x00007ff9778c0000 - 0x00007ff977a54000 	C:\Windows\System32\USER32.dll
0x00007ff975610000 - 0x00007ff975631000 	C:\Windows\System32\win32u.dll
0x00007ff9776e0000 - 0x00007ff977706000 	C:\Windows\System32\GDI32.dll
0x00007ff975bf0000 - 0x00007ff975d84000 	C:\Windows\System32\gdi32full.dll
0x00007ff9758f0000 - 0x00007ff97598e000 	C:\Windows\System32\msvcp_win.dll
0x00007ff975990000 - 0x00007ff975a8a000 	C:\Windows\System32\ucrtbase.dll
0x00007ff967530000 - 0x00007ff9677b4000 	C:\Windows\WinSxS\amd64_microsoft.windows.common-controls_6595b64144ccf1df_6.0.18362.836_none_e6c4b943130f18ed\COMCTL32.dll
0x00007ff975eb0000 - 0x00007ff9761e6000 	C:\Windows\System32\combase.dll
0x00007ff974e10000 - 0x00007ff974e90000 	C:\Windows\System32\bcryptPrimitives.dll
0x00007ff977630000 - 0x00007ff97765e000 	C:\Windows\System32\IMM32.DLL
0x000000005e4a0000 - 0x000000005e572000 	C:\Program Files\Java\jdk1.8.0_212\jre\bin\msvcr100.dll
0x000000005cf00000 - 0x000000005d7a5000 	C:\Program Files\Java\jdk1.8.0_212\jre\bin\server\jvm.dll
0x00007ff975e80000 - 0x00007ff975e88000 	C:\Windows\System32\PSAPI.DLL
0x00007ff9721f0000 - 0x00007ff972214000 	C:\Windows\SYSTEM32\WINMM.dll
0x00007ff966120000 - 0x00007ff966129000 	C:\Windows\SYSTEM32\WSOCK32.dll
0x00007ff969040000 - 0x00007ff96904a000 	C:\Windows\SYSTEM32\VERSION.dll
0x00007ff977a60000 - 0x00007ff977acf000 	C:\Windows\System32\WS2_32.dll
0x00007ff9721c0000 - 0x00007ff9721ed000 	C:\Windows\SYSTEM32\WINMMBASE.dll
0x00007ff975b40000 - 0x00007ff975b8a000 	C:\Windows\System32\cfgmgr32.dll
0x00007ff970db0000 - 0x00007ff970dbf000 	C:\Program Files\Java\jdk1.8.0_212\jre\bin\verify.dll
0x00007ff95dbb0000 - 0x00007ff95dbd9000 	C:\Program Files\Java\jdk1.8.0_212\jre\bin\java.dll
0x00007ff95ff40000 - 0x00007ff95ff56000 	C:\Program Files\Java\jdk1.8.0_212\jre\bin\zip.dll
0x00007ff976c20000 - 0x00007ff977304000 	C:\Windows\System32\SHELL32.dll
0x00007ff977520000 - 0x00007ff9775c9000 	C:\Windows\System32\shcore.dll
0x00007ff974e90000 - 0x00007ff97560e000 	C:\Windows\System32\windows.storage.dll
0x00007ff974c20000 - 0x00007ff974c43000 	C:\Windows\System32\profapi.dll
0x00007ff974bd0000 - 0x00007ff974c1a000 	C:\Windows\System32\powrprof.dll
0x00007ff974bc0000 - 0x00007ff974bd0000 	C:\Windows\System32\UMPDC.dll
0x00007ff977b40000 - 0x00007ff977b92000 	C:\Windows\System32\shlwapi.dll
0x00007ff974c50000 - 0x00007ff974c61000 	C:\Windows\System32\kernel.appcore.dll
0x00007ff975d90000 - 0x00007ff975da7000 	C:\Windows\System32\cryptsp.dll
0x00007ff970da0000 - 0x00007ff970dad000 	C:\Program Files\Java\jdk1.8.0_212\jre\bin\management.dll
0x00007ff95fd80000 - 0x00007ff95fd9a000 	C:\Program Files\Java\jdk1.8.0_212\jre\bin\net.dll
0x00007ff963d80000 - 0x00007ff963f56000 	C:\Windows\SYSTEM32\urlmon.dll
0x00007ff963580000 - 0x00007ff963826000 	C:\Windows\SYSTEM32\iertutil.dll
0x00007ff9745a0000 - 0x00007ff9745ac000 	C:\Windows\SYSTEM32\CRYPTBASE.DLL
0x00007ff9743d0000 - 0x00007ff974437000 	C:\Windows\system32\mswsock.dll
0x00007ff95db90000 - 0x00007ff95dba2000 	C:\Program Files\Java\jdk1.8.0_212\jre\bin\nio.dll
0x00007ff960bb0000 - 0x00007ff960bc6000 	C:\Windows\system32\napinsp.dll
0x00007ff960b90000 - 0x00007ff960baa000 	C:\Windows\system32\pnrpnsp.dll
0x00007ff974120000 - 0x00007ff9741eb000 	C:\Windows\SYSTEM32\DNSAPI.dll
0x00007ff975e90000 - 0x00007ff975e98000 	C:\Windows\System32\NSI.dll
0x00007ff9740e0000 - 0x00007ff97411a000 	C:\Windows\SYSTEM32\IPHLPAPI.DLL
0x00007ff960b80000 - 0x00007ff960b8e000 	C:\Windows\System32\winrnr.dll
0x00007ff970c60000 - 0x00007ff970c7c000 	C:\Windows\system32\NLAapi.dll
0x00007ff960b60000 - 0x00007ff960b75000 	C:\Windows\system32\wshbth.dll
0x00007ff968220000 - 0x00007ff96822a000 	C:\Windows\System32\rasadhlp.dll
0x00007ff968e60000 - 0x00007ff968ed7000 	C:\Windows\System32\fwpuclnt.dll
0x00007ff974c90000 - 0x00007ff974cb6000 	C:\Windows\System32\bcrypt.dll
0x00007ff973f40000 - 0x00007ff973f73000 	C:\Windows\system32\rsaenh.dll
0x00007ff974ae0000 - 0x00007ff974b05000 	C:\Windows\SYSTEM32\USERENV.dll
0x00007ff969090000 - 0x00007ff9690a6000 	C:\Windows\SYSTEM32\dhcpcsvc6.DLL
0x00007ff969070000 - 0x00007ff96908c000 	C:\Windows\SYSTEM32\dhcpcsvc.DLL
0x00007ff9543d0000 - 0x00007ff9543f4000 	C:\Program Files\Java\jdk1.8.0_212\jre\bin\sunec.dll
0x00007ff96eb50000 - 0x00007ff96eb5b000 	C:\Program Files\Java\jdk1.8.0_212\jre\bin\sunmscapi.dll
0x00007ff974cc0000 - 0x00007ff974e09000 	C:\Windows\System32\CRYPT32.dll
0x00007ff974c70000 - 0x00007ff974c82000 	C:\Windows\System32\MSASN1.dll
0x00007ff953d40000 - 0x00007ff953d8b000 	C:\Program Files\Java\jre1.8.0_212\bin\sqljdbc_auth.dll
0x00007ff976890000 - 0x00007ff9769e7000 	C:\Windows\System32\ole32.dll
0x00007ff965aa0000 - 0x00007ff965aac000 	C:\Windows\system32\secur32.dll
0x00007ff974ab0000 - 0x00007ff974adf000 	C:\Windows\SYSTEM32\SSPICLI.DLL
0x00007ff974490000 - 0x00007ff974593000 	C:\Windows\system32\kerberos.DLL
0x00007ff974350000 - 0x00007ff9743c7000 	C:\Windows\system32\msv1_0.DLL
0x00007ff974340000 - 0x00007ff97434d000 	C:\Windows\SYSTEM32\NtlmShared.dll
0x00007ff974440000 - 0x00007ff974454000 	C:\Windows\SYSTEM32\cryptdll.dll
0x00007ff95dd70000 - 0x00007ff95dd98000 	C:\Windows\system32\ntdsapi.dll
0x00007ff973490000 - 0x00007ff973684000 	C:\Windows\SYSTEM32\dbghelp.dll

VM Arguments:
jvm_args: -Dcom.sun.management.jmxremote -Dcom.sun.management.jmxremote.port=55992 -Dcom.sun.management.jmxremote.authenticate=false -Dcom.sun.management.jmxremote.ssl=false -Djava.rmi.server.hostname=localhost -Dspring.liveBeansView.mbeanDomain -Dspring.application.admin.enabled=true -Xverify:none -XX:TieredStopAtLevel=1 -Dfile.encoding=UTF-8 
java_command: com.abhisek.gateway.DemoGatewayBluepayApplication --spring.output.ansi.enabled=always
java_class_path (initial): D:\Work\Demo-Gateway\Spring\demo-gateway-bluepay\target\classes;C:\Users\Hp\Downloads\sqljdbc4.jar;C:\Users\Hp\.m2\repository\org\springframework\boot\spring-boot-starter-actuator\2.2.7.RELEASE\spring-boot-starter-actuator-2.2.7.RELEASE.jar;C:\Users\Hp\.m2\repository\org\springframework\boot\spring-boot-starter\2.2.7.RELEASE\spring-boot-starter-2.2.7.RELEASE.jar;C:\Users\Hp\.m2\repository\org\springframework\boot\spring-boot-starter-logging\2.2.7.RELEASE\spring-boot-starter-logging-2.2.7.RELEASE.jar;C:\Users\Hp\.m2\repository\ch\qos\logback\logback-classic\1.2.3\logback-classic-1.2.3.jar;C:\Users\Hp\.m2\repository\ch\qos\logback\logback-core\1.2.3\logback-core-1.2.3.jar;C:\Users\Hp\.m2\repository\org\apache\logging\log4j\log4j-to-slf4j\2.12.1\log4j-to-slf4j-2.12.1.jar;C:\Users\Hp\.m2\repository\org\apache\logging\log4j\log4j-api\2.12.1\log4j-api-2.12.1.jar;C:\Users\Hp\.m2\repository\org\slf4j\jul-to-slf4j\1.7.30\jul-to-slf4j-1.7.30.jar;C:\Users\Hp\.m2\repository\jakarta\annotation\jakarta.annotation-api\1.3.5\jakarta.annotation-api-1.3.5.jar;C:\Users\Hp\.m2\repository\org\yaml\snakeyaml\1.25\snakeyaml-1.25.jar;C:\Users\Hp\.m2\repository\org\springframework\boot\spring-boot-actuator-autoconfigure\2.2.7.RELEASE\spring-boot-actuator-autoconfigure-2.2.7.RELEASE.jar;C:\Users\Hp\.m2\repository\org\springframework\boot\spring-boot-actuator\2.2.7.RELEASE\spring-boot-actuator-2.2.7.RELEASE.jar;C:\Users\Hp\.m2\repository\com\fasterxml\jackson\core\jackson-databind\2.10.4\jackson-databind-2.10.4.jar;C:\Users\Hp\.m2\repository\com\fasterxml\jackson\core\jackson-annotations\2.10.4\jackson-annotations-2.10.4.jar;C:\Users\Hp\.m2\repository\com\fasterxml\jackson\core\jackson-core\2.10.4\jackson-core-2.10.4.jar;C:\Users\Hp\.m2\repository\org\springframework\spring-context\5.2.6.RELEASE\spring-context-5.2.6.RELEASE.jar;C:\Users\Hp\.m2\repository\com\fasterxml\jackson\datatype\jackson-datatype-jsr310\2.10.4\jackson-datatype-jsr310-2.10.4.jar;C:\Users\Hp\.m
Launcher Type: SUN_STANDARD

Environment Variables:
JAVA_HOME=C:\Program Files\Java\jdk1.8.0_212
PATH=C:/Program Files/Java/jre1.8.0_212/bin/server;C:/Program Files/Java/jre1.8.0_212/bin;C:/Program Files/Java/jre1.8.0_212/lib/amd64;C:\Program Files (x86)\Common Files\Oracle\Java\javapath;C:\Windows\system32;C:\Windows;C:\Windows\System32\Wbem;C:\Windows\System32\WindowsPowerShell\v1.0\;C:\Windows\System32\OpenSSH\;D:\Work\Maven\apache-maven-3.6.1\bin;D:\Microsoft VS Code\bin;C:\Program Files\nodejs\;C:\Users\Hp\AppData\Roaming\npm;C:\Program Files\Git\cmd;C:\Program Files (x86)\Microsoft SQL Server\150\DTS\Binn\;C:\Program Files\Microsoft SQL Server\Client SDK\ODBC\170\Tools\Binn\;C:\Program Files (x86)\Microsoft SQL Server\150\Tools\Binn\;C:\Program Files\Microsoft SQL Server\150\Tools\Binn\;C:\Program Files\Microsoft SQL Server\150\DTS\Binn\;C:\Program Files\MySQL\MySQL Shell 8.0\bin\;C:\Program Files\nodejs;C:\Program Files\Docker Toolbox;D:\Work\Tools\sts-bundle\sts-3.9.6.RELEASE;
USERNAME=Hp
OS=Windows_NT
PROCESSOR_IDENTIFIER=Intel64 Family 6 Model 78 Stepping 3, GenuineIntel



---------------  S Y S T E M  ---------------

OS: Windows 10.0 , 64 bit Build 18362 (10.0.18362.778)

CPU:total 4 (initial active 4) (2 cores per cpu, 2 threads per core) family 6 model 78 stepping 3, cmov, cx8, fxsr, mmx, sse, sse2, sse3, ssse3, sse4.1, sse4.2, popcnt, avx, avx2, aes, clmul, erms, 3dnowpref, lzcnt, ht, tsc, tscinvbit, bmi1, bmi2, adx

Memory: 4k page, physical 4082592k(381492k free), swap 9063328k(2502004k free)

vm_info: Java HotSpot(TM) 64-Bit Server VM (25.212-b10) for windows-amd64 JRE (1.8.0_212-b10), built on Apr  1 2019 22:50:23 by "java_re" with MS VC++ 10.0 (VS2010)

time: Sun May 31 19:54:52 2020
timezone: India Standard Time
elapsed time: 7 seconds (0d 0h 0m 7s)

